{"C:\\Users\\dayan\\Desktop\\LAB\\burger-ladies\\.jest\\mocks\\fileMock.js": {"path":"C:\\Users\\dayan\\Desktop\\LAB\\burger-ladies\\.jest\\mocks\\fileMock.js","statementMap":{"0":{"start":{"line":1,"column":0},"end":{"line":1,"column":33}}},"fnMap":{},"branchMap":{},"s":{"0":13},"f":{},"b":{},"_coverageSchema":"1a1c01bbd47fc00a2c39e90264f33305004495a9","hash":"bbf0facc2a3492c0c8a966f0fdda64e3ccd26b2d"}
,"C:\\Users\\dayan\\Desktop\\LAB\\burger-ladies\\src\\App.jsx": {"path":"C:\\Users\\dayan\\Desktop\\LAB\\burger-ladies\\src\\App.jsx","statementMap":{"0":{"start":{"line":4,"column":2},"end":{"line":8,"column":4}}},"fnMap":{"0":{"name":"App","decl":{"start":{"line":3,"column":9},"end":{"line":3,"column":12}},"loc":{"start":{"line":3,"column":15},"end":{"line":9,"column":1}},"line":3}},"branchMap":{},"s":{"0":1},"f":{"0":1},"b":{},"_coverageSchema":"1a1c01bbd47fc00a2c39e90264f33305004495a9","hash":"4e0320b6ede9ced5eb31dc35b97da710c52baab4"}
,"C:\\Users\\dayan\\Desktop\\LAB\\burger-ladies\\src\\Router.jsx": {"path":"C:\\Users\\dayan\\Desktop\\LAB\\burger-ladies\\src\\Router.jsx","statementMap":{"0":{"start":{"line":17,"column":15},"end":{"line":103,"column":1}},"1":{"start":{"line":18,"column":4},"end":{"line":102,"column":5}}},"fnMap":{"0":{"name":"(anonymous_0)","decl":{"start":{"line":17,"column":15},"end":{"line":17,"column":16}},"loc":{"start":{"line":17,"column":21},"end":{"line":103,"column":1}},"line":17}},"branchMap":{},"s":{"0":1,"1":1},"f":{"0":1},"b":{},"_coverageSchema":"1a1c01bbd47fc00a2c39e90264f33305004495a9","hash":"38f2a34da4f74b6bbfd108d33a95d56c6400e4f0"}
,"C:\\Users\\dayan\\Desktop\\LAB\\burger-ladies\\src\\Components\\cards\\Cards.jsx": {"path":"C:\\Users\\dayan\\Desktop\\LAB\\burger-ladies\\src\\Components\\cards\\Cards.jsx","statementMap":{"0":{"start":{"line":4,"column":14},"end":{"line":22,"column":1}},"1":{"start":{"line":5,"column":39},"end":{"line":5,"column":43}},"2":{"start":{"line":6,"column":2},"end":{"line":21,"column":4}},"3":{"start":{"line":16,"column":31},"end":{"line":16,"column":48}}},"fnMap":{"0":{"name":"(anonymous_0)","decl":{"start":{"line":4,"column":14},"end":{"line":4,"column":15}},"loc":{"start":{"line":4,"column":41},"end":{"line":22,"column":1}},"line":4},"1":{"name":"(anonymous_1)","decl":{"start":{"line":16,"column":25},"end":{"line":16,"column":26}},"loc":{"start":{"line":16,"column":31},"end":{"line":16,"column":48}},"line":16}},"branchMap":{},"s":{"0":3,"1":7,"2":7,"3":0},"f":{"0":7,"1":0},"b":{},"_coverageSchema":"1a1c01bbd47fc00a2c39e90264f33305004495a9","hash":"8b0095425d098c0176406e8b293fa2f871b2a9d3"}
,"C:\\Users\\dayan\\Desktop\\LAB\\burger-ladies\\src\\Components\\cards\\Cards.styled.js": {"path":"C:\\Users\\dayan\\Desktop\\LAB\\burger-ladies\\src\\Components\\cards\\Cards.styled.js","statementMap":{"0":{"start":{"line":3,"column":26},"end":{"line":15,"column":1}},"1":{"start":{"line":17,"column":26},"end":{"line":27,"column":1}},"2":{"start":{"line":29,"column":25},"end":{"line":44,"column":1}},"3":{"start":{"line":46,"column":25},"end":{"line":50,"column":1}}},"fnMap":{},"branchMap":{},"s":{"0":3,"1":3,"2":3,"3":3},"f":{},"b":{},"_coverageSchema":"1a1c01bbd47fc00a2c39e90264f33305004495a9","hash":"4650eea86a1967a620803b6518724cdc326f32da"}
,"C:\\Users\\dayan\\Desktop\\LAB\\burger-ladies\\src\\Components\\formulary\\Form.styled.js": {"path":"C:\\Users\\dayan\\Desktop\\LAB\\burger-ladies\\src\\Components\\formulary\\Form.styled.js","statementMap":{"0":{"start":{"line":3,"column":24},"end":{"line":10,"column":1}},"1":{"start":{"line":12,"column":25},"end":{"line":14,"column":1}},"2":{"start":{"line":15,"column":20},"end":{"line":70,"column":1}},"3":{"start":{"line":72,"column":22},"end":{"line":84,"column":1}}},"fnMap":{},"branchMap":{},"s":{"0":10,"1":10,"2":10,"3":10},"f":{},"b":{},"_coverageSchema":"1a1c01bbd47fc00a2c39e90264f33305004495a9","hash":"1e7533c843004e70c00c4b30f6a35d46cb5e33c9"}
,"C:\\Users\\dayan\\Desktop\\LAB\\burger-ladies\\src\\Components\\formulary\\Formulary.jsx": {"path":"C:\\Users\\dayan\\Desktop\\LAB\\burger-ladies\\src\\Components\\formulary\\Formulary.jsx","statementMap":{"0":{"start":{"line":4,"column":18},"end":{"line":19,"column":1}},"1":{"start":{"line":5,"column":2},"end":{"line":18,"column":4}}},"fnMap":{"0":{"name":"(anonymous_0)","decl":{"start":{"line":4,"column":18},"end":{"line":4,"column":19}},"loc":{"start":{"line":4,"column":68},"end":{"line":19,"column":1}},"line":4}},"branchMap":{},"s":{"0":11,"1":123},"f":{"0":123},"b":{},"_coverageSchema":"1a1c01bbd47fc00a2c39e90264f33305004495a9","hash":"60cc3cf2e4b2f81743be98ae3f5011e7a3c35df9"}
,"C:\\Users\\dayan\\Desktop\\LAB\\burger-ladies\\src\\Components\\formulary\\Input.styled.js": {"path":"C:\\Users\\dayan\\Desktop\\LAB\\burger-ladies\\src\\Components\\formulary\\Input.styled.js","statementMap":{"0":{"start":{"line":3,"column":27},"end":{"line":23,"column":1}}},"fnMap":{},"branchMap":{},"s":{"0":11},"f":{},"b":{},"_coverageSchema":"1a1c01bbd47fc00a2c39e90264f33305004495a9","hash":"c22aaa763147c19b4bd306a3ebd9587438cefe9c"}
,"C:\\Users\\dayan\\Desktop\\LAB\\burger-ladies\\src\\Components\\header\\Header.jsx": {"path":"C:\\Users\\dayan\\Desktop\\LAB\\burger-ladies\\src\\Components\\header\\Header.jsx","statementMap":{"0":{"start":{"line":9,"column":19},"end":{"line":9,"column":32}},"1":{"start":{"line":12,"column":4},"end":{"line":12,"column":13}},"2":{"start":{"line":13,"column":4},"end":{"line":13,"column":18}},"3":{"start":{"line":16,"column":2},"end":{"line":31,"column":4}},"4":{"start":{"line":23,"column":39},"end":{"line":23,"column":51}}},"fnMap":{"0":{"name":"Header","decl":{"start":{"line":8,"column":9},"end":{"line":8,"column":15}},"loc":{"start":{"line":8,"column":18},"end":{"line":32,"column":1}},"line":8},"1":{"name":"sair","decl":{"start":{"line":11,"column":11},"end":{"line":11,"column":15}},"loc":{"start":{"line":11,"column":18},"end":{"line":14,"column":3}},"line":11},"2":{"name":"(anonymous_2)","decl":{"start":{"line":23,"column":33},"end":{"line":23,"column":34}},"loc":{"start":{"line":23,"column":39},"end":{"line":23,"column":51}},"line":23}},"branchMap":{},"s":{"0":49,"1":0,"2":0,"3":39,"4":0},"f":{"0":49,"1":0,"2":0},"b":{},"_coverageSchema":"1a1c01bbd47fc00a2c39e90264f33305004495a9","hash":"f185ecf16ec24f079ce89e72efc86322c29a3050"}
,"C:\\Users\\dayan\\Desktop\\LAB\\burger-ladies\\src\\Components\\header\\Header.styled.js": {"path":"C:\\Users\\dayan\\Desktop\\LAB\\burger-ladies\\src\\Components\\header\\Header.styled.js","statementMap":{"0":{"start":{"line":3,"column":31},"end":{"line":25,"column":1}},"1":{"start":{"line":27,"column":26},"end":{"line":37,"column":1}}},"fnMap":{},"branchMap":{},"s":{"0":9,"1":9},"f":{},"b":{},"_coverageSchema":"1a1c01bbd47fc00a2c39e90264f33305004495a9","hash":"baccdb62dd806d952de1bafc454f4e2a278d4824"}
,"C:\\Users\\dayan\\Desktop\\LAB\\burger-ladies\\src\\Components\\header\\HeaderLogin.jsx": {"path":"C:\\Users\\dayan\\Desktop\\LAB\\burger-ladies\\src\\Components\\header\\HeaderLogin.jsx","statementMap":{"0":{"start":{"line":4,"column":20},"end":{"line":10,"column":1}},"1":{"start":{"line":5,"column":2},"end":{"line":9,"column":4}}},"fnMap":{"0":{"name":"(anonymous_0)","decl":{"start":{"line":4,"column":20},"end":{"line":4,"column":21}},"loc":{"start":{"line":4,"column":26},"end":{"line":10,"column":1}},"line":4}},"branchMap":{},"s":{"0":11,"1":4},"f":{"0":4},"b":{},"_coverageSchema":"1a1c01bbd47fc00a2c39e90264f33305004495a9","hash":"b1e35d6032a45ac635682973e315b116472166e0"}
,"C:\\Users\\dayan\\Desktop\\LAB\\burger-ladies\\src\\Components\\header\\HeaderLogin.styled.js": {"path":"C:\\Users\\dayan\\Desktop\\LAB\\burger-ladies\\src\\Components\\header\\HeaderLogin.styled.js","statementMap":{"0":{"start":{"line":3,"column":36},"end":{"line":14,"column":1}}},"fnMap":{},"branchMap":{},"s":{"0":11},"f":{},"b":{},"_coverageSchema":"1a1c01bbd47fc00a2c39e90264f33305004495a9","hash":"8ca68d5329c4e3e935a85a167e1764fddcd06131"}
,"C:\\Users\\dayan\\Desktop\\LAB\\burger-ladies\\src\\Components\\select\\Select.jsx": {"path":"C:\\Users\\dayan\\Desktop\\LAB\\burger-ladies\\src\\Components\\select\\Select.jsx","statementMap":{"0":{"start":{"line":3,"column":15},"end":{"line":27,"column":1}},"1":{"start":{"line":14,"column":2},"end":{"line":26,"column":4}}},"fnMap":{"0":{"name":"(anonymous_0)","decl":{"start":{"line":3,"column":15},"end":{"line":3,"column":16}},"loc":{"start":{"line":13,"column":6},"end":{"line":27,"column":1}},"line":13}},"branchMap":{},"s":{"0":7,"1":41},"f":{"0":41},"b":{},"_coverageSchema":"1a1c01bbd47fc00a2c39e90264f33305004495a9","hash":"a6a620c8bde3b2311d009dec5901d34990126cd4"}
,"C:\\Users\\dayan\\Desktop\\LAB\\burger-ladies\\src\\Pages\\adm\\Adm.jsx": {"path":"C:\\Users\\dayan\\Desktop\\LAB\\burger-ladies\\src\\Pages\\adm\\Adm.jsx","statementMap":{"0":{"start":{"line":10,"column":12},"end":{"line":22,"column":1}},"1":{"start":{"line":11,"column":2},"end":{"line":21,"column":4}}},"fnMap":{"0":{"name":"(anonymous_0)","decl":{"start":{"line":10,"column":12},"end":{"line":10,"column":13}},"loc":{"start":{"line":10,"column":18},"end":{"line":22,"column":1}},"line":10}},"branchMap":{},"s":{"0":2,"1":2},"f":{"0":2},"b":{},"_coverageSchema":"1a1c01bbd47fc00a2c39e90264f33305004495a9","hash":"227f790b13b4c03ce558f0cb95381e02bc338216"}
,"C:\\Users\\dayan\\Desktop\\LAB\\burger-ladies\\src\\Pages\\adm\\Adm.styled.js": {"path":"C:\\Users\\dayan\\Desktop\\LAB\\burger-ladies\\src\\Pages\\adm\\Adm.styled.js","statementMap":{"0":{"start":{"line":3,"column":28},"end":{"line":13,"column":1}}},"fnMap":{},"branchMap":{},"s":{"0":2},"f":{},"b":{},"_coverageSchema":"1a1c01bbd47fc00a2c39e90264f33305004495a9","hash":"46b948826d736e6bf96f75f1b51c40c01bc1edf5"}
,"C:\\Users\\dayan\\Desktop\\LAB\\burger-ladies\\src\\Pages\\adm\\Register.jsx": {"path":"C:\\Users\\dayan\\Desktop\\LAB\\burger-ladies\\src\\Pages\\adm\\Register.jsx","statementMap":{"0":{"start":{"line":11,"column":26},"end":{"line":11,"column":38}},"1":{"start":{"line":12,"column":28},"end":{"line":12,"column":40}},"2":{"start":{"line":13,"column":34},"end":{"line":13,"column":46}},"3":{"start":{"line":14,"column":26},"end":{"line":14,"column":38}},"4":{"start":{"line":16,"column":21},"end":{"line":16,"column":51}},"5":{"start":{"line":16,"column":28},"end":{"line":16,"column":51}},"6":{"start":{"line":17,"column":22},"end":{"line":17,"column":53}},"7":{"start":{"line":17,"column":29},"end":{"line":17,"column":53}},"8":{"start":{"line":18,"column":25},"end":{"line":18,"column":59}},"9":{"start":{"line":18,"column":32},"end":{"line":18,"column":59}},"10":{"start":{"line":19,"column":21},"end":{"line":19,"column":51}},"11":{"start":{"line":19,"column":28},"end":{"line":19,"column":51}},"12":{"start":{"line":22,"column":4},"end":{"line":22,"column":23}},"13":{"start":{"line":23,"column":4},"end":{"line":25,"column":5}},"14":{"start":{"line":24,"column":6},"end":{"line":24,"column":53}},"15":{"start":{"line":26,"column":4},"end":{"line":28,"column":5}},"16":{"start":{"line":27,"column":6},"end":{"line":27,"column":52}},"17":{"start":{"line":29,"column":4},"end":{"line":33,"column":5}},"18":{"start":{"line":30,"column":6},"end":{"line":32,"column":8}},"19":{"start":{"line":35,"column":4},"end":{"line":49,"column":6}},"20":{"start":{"line":37,"column":6},"end":{"line":45,"column":7}},"21":{"start":{"line":38,"column":8},"end":{"line":38,"column":61}},"22":{"start":{"line":39,"column":13},"end":{"line":45,"column":7}},"23":{"start":{"line":40,"column":8},"end":{"line":40,"column":57}},"24":{"start":{"line":41,"column":8},"end":{"line":41,"column":21}},"25":{"start":{"line":42,"column":8},"end":{"line":42,"column":21}},"26":{"start":{"line":43,"column":8},"end":{"line":43,"column":24}},"27":{"start":{"line":44,"column":8},"end":{"line":44,"column":20}},"28":{"start":{"line":48,"column":6},"end":{"line":48,"column":73}},"29":{"start":{"line":52,"column":2},"end":{"line":102,"column":4}}},"fnMap":{"0":{"name":"Register","decl":{"start":{"line":10,"column":9},"end":{"line":10,"column":17}},"loc":{"start":{"line":10,"column":20},"end":{"line":103,"column":1}},"line":10},"1":{"name":"(anonymous_1)","decl":{"start":{"line":16,"column":21},"end":{"line":16,"column":22}},"loc":{"start":{"line":16,"column":28},"end":{"line":16,"column":51}},"line":16},"2":{"name":"(anonymous_2)","decl":{"start":{"line":17,"column":22},"end":{"line":17,"column":23}},"loc":{"start":{"line":17,"column":29},"end":{"line":17,"column":53}},"line":17},"3":{"name":"(anonymous_3)","decl":{"start":{"line":18,"column":25},"end":{"line":18,"column":26}},"loc":{"start":{"line":18,"column":32},"end":{"line":18,"column":59}},"line":18},"4":{"name":"(anonymous_4)","decl":{"start":{"line":19,"column":21},"end":{"line":19,"column":22}},"loc":{"start":{"line":19,"column":28},"end":{"line":19,"column":51}},"line":19},"5":{"name":"registerUser","decl":{"start":{"line":21,"column":11},"end":{"line":21,"column":23}},"loc":{"start":{"line":21,"column":27},"end":{"line":50,"column":3}},"line":21},"6":{"name":"(anonymous_6)","decl":{"start":{"line":36,"column":10},"end":{"line":36,"column":11}},"loc":{"start":{"line":36,"column":24},"end":{"line":46,"column":5}},"line":36},"7":{"name":"(anonymous_7)","decl":{"start":{"line":47,"column":11},"end":{"line":47,"column":12}},"loc":{"start":{"line":48,"column":6},"end":{"line":48,"column":73}},"line":48}},"branchMap":{"0":{"loc":{"start":{"line":23,"column":4},"end":{"line":25,"column":5}},"type":"if","locations":[{"start":{"line":23,"column":4},"end":{"line":25,"column":5}},{"start":{},"end":{}}],"line":23},"1":{"loc":{"start":{"line":26,"column":4},"end":{"line":28,"column":5}},"type":"if","locations":[{"start":{"line":26,"column":4},"end":{"line":28,"column":5}},{"start":{},"end":{}}],"line":26},"2":{"loc":{"start":{"line":29,"column":4},"end":{"line":33,"column":5}},"type":"if","locations":[{"start":{"line":29,"column":4},"end":{"line":33,"column":5}},{"start":{},"end":{}}],"line":29},"3":{"loc":{"start":{"line":37,"column":6},"end":{"line":45,"column":7}},"type":"if","locations":[{"start":{"line":37,"column":6},"end":{"line":45,"column":7}},{"start":{"line":39,"column":13},"end":{"line":45,"column":7}}],"line":37},"4":{"loc":{"start":{"line":39,"column":13},"end":{"line":45,"column":7}},"type":"if","locations":[{"start":{"line":39,"column":13},"end":{"line":45,"column":7}},{"start":{},"end":{}}],"line":39}},"s":{"0":36,"1":36,"2":36,"3":36,"4":36,"5":11,"6":36,"7":15,"8":36,"9":6,"10":36,"11":1,"12":1,"13":1,"14":0,"15":1,"16":0,"17":1,"18":0,"19":1,"20":1,"21":0,"22":1,"23":1,"24":1,"25":1,"26":1,"27":1,"28":0,"29":36},"f":{"0":36,"1":11,"2":15,"3":6,"4":1,"5":1,"6":1,"7":0},"b":{"0":[0,1],"1":[0,1],"2":[0,1],"3":[0,1],"4":[1,0]},"_coverageSchema":"1a1c01bbd47fc00a2c39e90264f33305004495a9","hash":"d322abd554f55a16cc40baaad5f1d5829e45be41"}
,"C:\\Users\\dayan\\Desktop\\LAB\\burger-ladies\\src\\Pages\\attendance\\Attendance.jsx": {"path":"C:\\Users\\dayan\\Desktop\\LAB\\burger-ladies\\src\\Pages\\attendance\\Attendance.jsx","statementMap":{"0":{"start":{"line":8,"column":19},"end":{"line":18,"column":1}},"1":{"start":{"line":9,"column":2},"end":{"line":17,"column":4}}},"fnMap":{"0":{"name":"(anonymous_0)","decl":{"start":{"line":8,"column":19},"end":{"line":8,"column":20}},"loc":{"start":{"line":8,"column":25},"end":{"line":18,"column":1}},"line":8}},"branchMap":{},"s":{"0":2,"1":1},"f":{"0":1},"b":{},"_coverageSchema":"1a1c01bbd47fc00a2c39e90264f33305004495a9","hash":"8209e22616edb719cf32a0860018052cb7675333"}
,"C:\\Users\\dayan\\Desktop\\LAB\\burger-ladies\\src\\Pages\\kitchen\\Kitchen.jsx": {"path":"C:\\Users\\dayan\\Desktop\\LAB\\burger-ladies\\src\\Pages\\kitchen\\Kitchen.jsx","statementMap":{"0":{"start":{"line":5,"column":16},"end":{"line":12,"column":1}},"1":{"start":{"line":6,"column":2},"end":{"line":11,"column":4}}},"fnMap":{"0":{"name":"(anonymous_0)","decl":{"start":{"line":5,"column":16},"end":{"line":5,"column":17}},"loc":{"start":{"line":5,"column":22},"end":{"line":12,"column":1}},"line":5}},"branchMap":{},"s":{"0":1,"1":0},"f":{"0":0},"b":{},"_coverageSchema":"1a1c01bbd47fc00a2c39e90264f33305004495a9","hash":"7790bbf3cff645b5e7170d87a344cab3452b5c45"}
,"C:\\Users\\dayan\\Desktop\\LAB\\burger-ladies\\src\\Pages\\kitchen\\KitchenProgress.styled.js": {"path":"C:\\Users\\dayan\\Desktop\\LAB\\burger-ladies\\src\\Pages\\kitchen\\KitchenProgress.styled.js","statementMap":{"0":{"start":{"line":4,"column":21},"end":{"line":8,"column":1}}},"fnMap":{},"branchMap":{},"s":{"0":3},"f":{},"b":{},"_coverageSchema":"1a1c01bbd47fc00a2c39e90264f33305004495a9","hash":"4a1757a8335482cab356aa49e81ee014a90259c9"}
,"C:\\Users\\dayan\\Desktop\\LAB\\burger-ladies\\src\\Pages\\kitchen\\kitchenProgress.jsx": {"path":"C:\\Users\\dayan\\Desktop\\LAB\\burger-ladies\\src\\Pages\\kitchen\\kitchenProgress.jsx","statementMap":{"0":{"start":{"line":20,"column":24},"end":{"line":187,"column":1}},"1":{"start":{"line":21,"column":30},"end":{"line":21,"column":42}},"2":{"start":{"line":22,"column":46},"end":{"line":22,"column":58}},"3":{"start":{"line":23,"column":38},"end":{"line":23,"column":53}},"4":{"start":{"line":24,"column":30},"end":{"line":24,"column":42}},"5":{"start":{"line":25,"column":48},"end":{"line":25,"column":63}},"6":{"start":{"line":26,"column":34},"end":{"line":26,"column":48}},"7":{"start":{"line":28,"column":20},"end":{"line":36,"column":3}},"8":{"start":{"line":29,"column":4},"end":{"line":35,"column":7}},"9":{"start":{"line":31,"column":6},"end":{"line":31,"column":22}},"10":{"start":{"line":34,"column":6},"end":{"line":34,"column":25}},"11":{"start":{"line":38,"column":2},"end":{"line":40,"column":9}},"12":{"start":{"line":39,"column":4},"end":{"line":39,"column":16}},"13":{"start":{"line":42,"column":23},"end":{"line":45,"column":3}},"14":{"start":{"line":43,"column":4},"end":{"line":43,"column":30}},"15":{"start":{"line":44,"column":4},"end":{"line":44,"column":24}},"16":{"start":{"line":47,"column":25},"end":{"line":49,"column":12}},"17":{"start":{"line":48,"column":31},"end":{"line":48,"column":62}},"18":{"start":{"line":51,"column":23},"end":{"line":78,"column":3}},"19":{"start":{"line":52,"column":4},"end":{"line":54,"column":5}},"20":{"start":{"line":53,"column":6},"end":{"line":53,"column":35}},"21":{"start":{"line":55,"column":4},"end":{"line":65,"column":5}},"22":{"start":{"line":57,"column":8},"end":{"line":57,"column":33}},"23":{"start":{"line":58,"column":8},"end":{"line":58,"column":14}},"24":{"start":{"line":60,"column":8},"end":{"line":60,"column":31}},"25":{"start":{"line":61,"column":8},"end":{"line":61,"column":14}},"26":{"start":{"line":63,"column":8},"end":{"line":63,"column":33}},"27":{"start":{"line":64,"column":8},"end":{"line":64,"column":14}},"28":{"start":{"line":66,"column":4},"end":{"line":76,"column":9}},"29":{"start":{"line":72,"column":8},"end":{"line":72,"column":31}},"30":{"start":{"line":75,"column":8},"end":{"line":75,"column":27}},"31":{"start":{"line":77,"column":4},"end":{"line":77,"column":29}},"32":{"start":{"line":81,"column":4},"end":{"line":96,"column":9}},"33":{"start":{"line":83,"column":8},"end":{"line":85,"column":9}},"34":{"start":{"line":84,"column":10},"end":{"line":84,"column":56}},"35":{"start":{"line":88,"column":8},"end":{"line":90,"column":10}},"36":{"start":{"line":89,"column":10},"end":{"line":89,"column":61}},"37":{"start":{"line":89,"column":37},"end":{"line":89,"column":60}},"38":{"start":{"line":91,"column":8},"end":{"line":91,"column":27}},"39":{"start":{"line":92,"column":8},"end":{"line":92,"column":26}},"40":{"start":{"line":95,"column":8},"end":{"line":95,"column":27}},"41":{"start":{"line":97,"column":4},"end":{"line":97,"column":24}},"42":{"start":{"line":100,"column":26},"end":{"line":103,"column":3}},"43":{"start":{"line":101,"column":4},"end":{"line":101,"column":23}},"44":{"start":{"line":102,"column":4},"end":{"line":102,"column":29}},"45":{"start":{"line":105,"column":27},"end":{"line":108,"column":3}},"46":{"start":{"line":106,"column":4},"end":{"line":106,"column":22}},"47":{"start":{"line":107,"column":4},"end":{"line":107,"column":30}},"48":{"start":{"line":111,"column":2},"end":{"line":186,"column":4}},"49":{"start":{"line":114,"column":39},"end":{"line":114,"column":61}},"50":{"start":{"line":117,"column":39},"end":{"line":117,"column":63}},"51":{"start":{"line":120,"column":39},"end":{"line":120,"column":61}},"52":{"start":{"line":123,"column":39},"end":{"line":123,"column":63}},"53":{"start":{"line":140,"column":12},"end":{"line":182,"column":20}},"54":{"start":{"line":148,"column":14},"end":{"line":154,"column":17}},"55":{"start":{"line":174,"column":45},"end":{"line":174,"column":63}},"56":{"start":{"line":178,"column":45},"end":{"line":178,"column":66}}},"fnMap":{"0":{"name":"(anonymous_0)","decl":{"start":{"line":20,"column":24},"end":{"line":20,"column":25}},"loc":{"start":{"line":20,"column":30},"end":{"line":187,"column":1}},"line":20},"1":{"name":"(anonymous_1)","decl":{"start":{"line":28,"column":20},"end":{"line":28,"column":21}},"loc":{"start":{"line":28,"column":32},"end":{"line":36,"column":3}},"line":28},"2":{"name":"(anonymous_2)","decl":{"start":{"line":30,"column":10},"end":{"line":30,"column":11}},"loc":{"start":{"line":30,"column":20},"end":{"line":32,"column":5}},"line":30},"3":{"name":"(anonymous_3)","decl":{"start":{"line":33,"column":11},"end":{"line":33,"column":12}},"loc":{"start":{"line":33,"column":22},"end":{"line":35,"column":5}},"line":33},"4":{"name":"(anonymous_4)","decl":{"start":{"line":38,"column":12},"end":{"line":38,"column":13}},"loc":{"start":{"line":38,"column":18},"end":{"line":40,"column":3}},"line":38},"5":{"name":"(anonymous_5)","decl":{"start":{"line":42,"column":23},"end":{"line":42,"column":24}},"loc":{"start":{"line":42,"column":35},"end":{"line":45,"column":3}},"line":42},"6":{"name":"(anonymous_6)","decl":{"start":{"line":48,"column":20},"end":{"line":48,"column":21}},"loc":{"start":{"line":48,"column":31},"end":{"line":48,"column":62}},"line":48},"7":{"name":"(anonymous_7)","decl":{"start":{"line":51,"column":23},"end":{"line":51,"column":24}},"loc":{"start":{"line":51,"column":39},"end":{"line":78,"column":3}},"line":51},"8":{"name":"(anonymous_8)","decl":{"start":{"line":71,"column":12},"end":{"line":71,"column":13}},"loc":{"start":{"line":71,"column":22},"end":{"line":73,"column":7}},"line":71},"9":{"name":"(anonymous_9)","decl":{"start":{"line":74,"column":13},"end":{"line":74,"column":14}},"loc":{"start":{"line":74,"column":24},"end":{"line":76,"column":7}},"line":74},"10":{"name":"deleteOrders","decl":{"start":{"line":80,"column":17},"end":{"line":80,"column":29}},"loc":{"start":{"line":80,"column":37},"end":{"line":98,"column":3}},"line":80},"11":{"name":"(anonymous_11)","decl":{"start":{"line":82,"column":12},"end":{"line":82,"column":13}},"loc":{"start":{"line":82,"column":26},"end":{"line":86,"column":7}},"line":82},"12":{"name":"(anonymous_12)","decl":{"start":{"line":87,"column":12},"end":{"line":87,"column":13}},"loc":{"start":{"line":87,"column":22},"end":{"line":93,"column":7}},"line":87},"13":{"name":"(anonymous_13)","decl":{"start":{"line":88,"column":18},"end":{"line":88,"column":19}},"loc":{"start":{"line":89,"column":10},"end":{"line":89,"column":61}},"line":89},"14":{"name":"(anonymous_14)","decl":{"start":{"line":89,"column":27},"end":{"line":89,"column":28}},"loc":{"start":{"line":89,"column":37},"end":{"line":89,"column":60}},"line":89},"15":{"name":"(anonymous_15)","decl":{"start":{"line":94,"column":13},"end":{"line":94,"column":14}},"loc":{"start":{"line":94,"column":24},"end":{"line":96,"column":7}},"line":94},"16":{"name":"(anonymous_16)","decl":{"start":{"line":100,"column":26},"end":{"line":100,"column":27}},"loc":{"start":{"line":100,"column":37},"end":{"line":103,"column":3}},"line":100},"17":{"name":"(anonymous_17)","decl":{"start":{"line":105,"column":27},"end":{"line":105,"column":28}},"loc":{"start":{"line":105,"column":33},"end":{"line":108,"column":3}},"line":105},"18":{"name":"(anonymous_18)","decl":{"start":{"line":114,"column":33},"end":{"line":114,"column":34}},"loc":{"start":{"line":114,"column":39},"end":{"line":114,"column":61}},"line":114},"19":{"name":"(anonymous_19)","decl":{"start":{"line":117,"column":33},"end":{"line":117,"column":34}},"loc":{"start":{"line":117,"column":39},"end":{"line":117,"column":63}},"line":117},"20":{"name":"(anonymous_20)","decl":{"start":{"line":120,"column":33},"end":{"line":120,"column":34}},"loc":{"start":{"line":120,"column":39},"end":{"line":120,"column":61}},"line":120},"21":{"name":"(anonymous_21)","decl":{"start":{"line":123,"column":33},"end":{"line":123,"column":34}},"loc":{"start":{"line":123,"column":39},"end":{"line":123,"column":63}},"line":123},"22":{"name":"(anonymous_22)","decl":{"start":{"line":139,"column":29},"end":{"line":139,"column":30}},"loc":{"start":{"line":140,"column":12},"end":{"line":182,"column":20}},"line":140},"23":{"name":"(anonymous_23)","decl":{"start":{"line":147,"column":87},"end":{"line":147,"column":88}},"loc":{"start":{"line":148,"column":14},"end":{"line":154,"column":17}},"line":148},"24":{"name":"(anonymous_24)","decl":{"start":{"line":174,"column":39},"end":{"line":174,"column":40}},"loc":{"start":{"line":174,"column":45},"end":{"line":174,"column":63}},"line":174},"25":{"name":"(anonymous_25)","decl":{"start":{"line":178,"column":39},"end":{"line":178,"column":40}},"loc":{"start":{"line":178,"column":45},"end":{"line":178,"column":66}},"line":178}},"branchMap":{"0":{"loc":{"start":{"line":47,"column":25},"end":{"line":49,"column":12}},"type":"cond-expr","locations":[{"start":{"line":48,"column":6},"end":{"line":48,"column":63}},{"start":{"line":49,"column":6},"end":{"line":49,"column":12}}],"line":47},"1":{"loc":{"start":{"line":52,"column":4},"end":{"line":54,"column":5}},"type":"if","locations":[{"start":{"line":52,"column":4},"end":{"line":54,"column":5}},{"start":{},"end":{}}],"line":52},"2":{"loc":{"start":{"line":55,"column":4},"end":{"line":65,"column":5}},"type":"switch","locations":[{"start":{"line":56,"column":6},"end":{"line":58,"column":14}},{"start":{"line":59,"column":6},"end":{"line":61,"column":14}},{"start":{"line":62,"column":6},"end":{"line":64,"column":14}}],"line":55},"3":{"loc":{"start":{"line":83,"column":8},"end":{"line":85,"column":9}},"type":"if","locations":[{"start":{"line":83,"column":8},"end":{"line":85,"column":9}},{"start":{},"end":{}}],"line":83},"4":{"loc":{"start":{"line":129,"column":7},"end":{"line":137,"column":7}},"type":"binary-expr","locations":[{"start":{"line":129,"column":7},"end":{"line":129,"column":22}},{"start":{"line":129,"column":26},"end":{"line":129,"column":34}},{"start":{"line":130,"column":8},"end":{"line":136,"column":22}}],"line":129},"5":{"loc":{"start":{"line":138,"column":9},"end":{"line":183,"column":12}},"type":"binary-expr","locations":[{"start":{"line":138,"column":9},"end":{"line":138,"column":19}},{"start":{"line":139,"column":10},"end":{"line":183,"column":12}}],"line":138},"6":{"loc":{"start":{"line":159,"column":15},"end":{"line":165,"column":22}},"type":"cond-expr","locations":[{"start":{"line":160,"column":16},"end":{"line":164,"column":20}},{"start":{"line":165,"column":18},"end":{"line":165,"column":22}}],"line":159},"7":{"loc":{"start":{"line":166,"column":15},"end":{"line":172,"column":22}},"type":"cond-expr","locations":[{"start":{"line":167,"column":16},"end":{"line":171,"column":20}},{"start":{"line":172,"column":18},"end":{"line":172,"column":22}}],"line":166}},"s":{"0":3,"1":14,"2":13,"3":13,"4":13,"5":13,"6":13,"7":13,"8":5,"9":5,"10":0,"11":13,"12":5,"13":13,"14":4,"15":4,"16":13,"17":16,"18":13,"19":0,"20":0,"21":0,"22":0,"23":0,"24":0,"25":0,"26":0,"27":0,"28":0,"29":0,"30":0,"31":0,"32":0,"33":0,"34":0,"35":0,"36":0,"37":0,"38":0,"39":0,"40":0,"41":0,"42":13,"43":0,"44":0,"45":13,"46":0,"47":0,"48":13,"49":1,"50":1,"51":1,"52":1,"53":4,"54":6,"55":0,"56":0},"f":{"0":14,"1":5,"2":5,"3":0,"4":5,"5":4,"6":16,"7":0,"8":0,"9":0,"10":0,"11":0,"12":0,"13":0,"14":0,"15":0,"16":0,"17":0,"18":1,"19":1,"20":1,"21":1,"22":4,"23":6,"24":0,"25":0},"b":{"0":[4,9],"1":[0,0],"2":[0,0,0],"3":[0,0],"4":[13,0,0],"5":[13,4],"6":[1,3],"7":[1,3]},"_coverageSchema":"1a1c01bbd47fc00a2c39e90264f33305004495a9","hash":"6640471b64942dd3b551719d61a26d544e2529a9"}
,"C:\\Users\\dayan\\Desktop\\LAB\\burger-ladies\\src\\Pages\\login\\Login.jsx": {"path":"C:\\Users\\dayan\\Desktop\\LAB\\burger-ladies\\src\\Pages\\login\\Login.jsx","statementMap":{"0":{"start":{"line":11,"column":22},"end":{"line":13,"column":1}},"1":{"start":{"line":12,"column":2},"end":{"line":12,"column":41}},"2":{"start":{"line":16,"column":28},"end":{"line":16,"column":40}},"3":{"start":{"line":17,"column":34},"end":{"line":17,"column":46}},"4":{"start":{"line":18,"column":38},"end":{"line":18,"column":53}},"5":{"start":{"line":19,"column":19},"end":{"line":19,"column":32}},"6":{"start":{"line":21,"column":22},"end":{"line":21,"column":53}},"7":{"start":{"line":21,"column":29},"end":{"line":21,"column":53}},"8":{"start":{"line":22,"column":25},"end":{"line":22,"column":59}},"9":{"start":{"line":22,"column":32},"end":{"line":22,"column":59}},"10":{"start":{"line":25,"column":4},"end":{"line":25,"column":23}},"11":{"start":{"line":26,"column":4},"end":{"line":53,"column":8}},"12":{"start":{"line":28,"column":6},"end":{"line":32,"column":7}},"13":{"start":{"line":29,"column":8},"end":{"line":29,"column":31}},"14":{"start":{"line":31,"column":8},"end":{"line":31,"column":30}},"15":{"start":{"line":35,"column":6},"end":{"line":35,"column":23}},"16":{"start":{"line":35,"column":17},"end":{"line":35,"column":23}},"17":{"start":{"line":36,"column":8},"end":{"line":36,"column":34}},"18":{"start":{"line":37,"column":8},"end":{"line":37,"column":48}},"19":{"start":{"line":38,"column":8},"end":{"line":38,"column":62}},"20":{"start":{"line":39,"column":8},"end":{"line":39,"column":41}},"21":{"start":{"line":40,"column":8},"end":{"line":40,"column":28}},"22":{"start":{"line":41,"column":8},"end":{"line":47,"column":9}},"23":{"start":{"line":42,"column":10},"end":{"line":42,"column":34}},"24":{"start":{"line":43,"column":15},"end":{"line":47,"column":9}},"25":{"start":{"line":44,"column":10},"end":{"line":44,"column":31}},"26":{"start":{"line":45,"column":15},"end":{"line":47,"column":9}},"27":{"start":{"line":46,"column":10},"end":{"line":46,"column":27}},"28":{"start":{"line":50,"column":8},"end":{"line":52,"column":9}},"29":{"start":{"line":56,"column":2},"end":{"line":89,"column":4}}},"fnMap":{"0":{"name":"(anonymous_0)","decl":{"start":{"line":11,"column":22},"end":{"line":11,"column":23}},"loc":{"start":{"line":11,"column":28},"end":{"line":13,"column":1}},"line":11},"1":{"name":"Login","decl":{"start":{"line":15,"column":9},"end":{"line":15,"column":14}},"loc":{"start":{"line":15,"column":17},"end":{"line":90,"column":1}},"line":15},"2":{"name":"(anonymous_2)","decl":{"start":{"line":21,"column":22},"end":{"line":21,"column":23}},"loc":{"start":{"line":21,"column":29},"end":{"line":21,"column":53}},"line":21},"3":{"name":"(anonymous_3)","decl":{"start":{"line":22,"column":25},"end":{"line":22,"column":26}},"loc":{"start":{"line":22,"column":32},"end":{"line":22,"column":59}},"line":22},"4":{"name":"logIn","decl":{"start":{"line":24,"column":11},"end":{"line":24,"column":16}},"loc":{"start":{"line":24,"column":20},"end":{"line":54,"column":3}},"line":24},"5":{"name":"(anonymous_5)","decl":{"start":{"line":27,"column":10},"end":{"line":27,"column":11}},"loc":{"start":{"line":27,"column":24},"end":{"line":33,"column":5}},"line":27},"6":{"name":"(anonymous_6)","decl":{"start":{"line":34,"column":10},"end":{"line":34,"column":11}},"loc":{"start":{"line":34,"column":20},"end":{"line":48,"column":7}},"line":34},"7":{"name":"(anonymous_7)","decl":{"start":{"line":49,"column":13},"end":{"line":49,"column":14}},"loc":{"start":{"line":50,"column":8},"end":{"line":52,"column":9}},"line":50}},"branchMap":{"0":{"loc":{"start":{"line":28,"column":6},"end":{"line":32,"column":7}},"type":"if","locations":[{"start":{"line":28,"column":6},"end":{"line":32,"column":7}},{"start":{"line":30,"column":13},"end":{"line":32,"column":7}}],"line":28},"1":{"loc":{"start":{"line":35,"column":6},"end":{"line":35,"column":23}},"type":"if","locations":[{"start":{"line":35,"column":6},"end":{"line":35,"column":23}},{"start":{},"end":{}}],"line":35},"2":{"loc":{"start":{"line":41,"column":8},"end":{"line":47,"column":9}},"type":"if","locations":[{"start":{"line":41,"column":8},"end":{"line":47,"column":9}},{"start":{"line":43,"column":15},"end":{"line":47,"column":9}}],"line":41},"3":{"loc":{"start":{"line":43,"column":15},"end":{"line":47,"column":9}},"type":"if","locations":[{"start":{"line":43,"column":15},"end":{"line":47,"column":9}},{"start":{"line":45,"column":15},"end":{"line":47,"column":9}}],"line":43},"4":{"loc":{"start":{"line":45,"column":15},"end":{"line":47,"column":9}},"type":"if","locations":[{"start":{"line":45,"column":15},"end":{"line":47,"column":9}},{"start":{},"end":{}}],"line":45}},"s":{"0":10,"1":0,"2":3,"3":3,"4":3,"5":3,"6":3,"7":0,"8":3,"9":0,"10":0,"11":0,"12":0,"13":0,"14":0,"15":0,"16":0,"17":0,"18":0,"19":0,"20":0,"21":0,"22":0,"23":0,"24":0,"25":0,"26":0,"27":0,"28":0,"29":3},"f":{"0":0,"1":3,"2":0,"3":0,"4":0,"5":0,"6":0,"7":0},"b":{"0":[0,0],"1":[0,0],"2":[0,0],"3":[0,0],"4":[0,0]},"_coverageSchema":"1a1c01bbd47fc00a2c39e90264f33305004495a9","hash":"ebd6945e26174dba13368389974275ae73f21c31"}
,"C:\\Users\\dayan\\Desktop\\LAB\\burger-ladies\\src\\Pages\\notfound\\NotFound.jsx": {"path":"C:\\Users\\dayan\\Desktop\\LAB\\burger-ladies\\src\\Pages\\notfound\\NotFound.jsx","statementMap":{"0":{"start":{"line":4,"column":17},"end":{"line":15,"column":1}},"1":{"start":{"line":5,"column":2},"end":{"line":14,"column":4}}},"fnMap":{"0":{"name":"(anonymous_0)","decl":{"start":{"line":4,"column":17},"end":{"line":4,"column":18}},"loc":{"start":{"line":4,"column":23},"end":{"line":15,"column":1}},"line":4}},"branchMap":{},"s":{"0":2,"1":1},"f":{"0":1},"b":{},"_coverageSchema":"1a1c01bbd47fc00a2c39e90264f33305004495a9","hash":"abeb14662e88a20d618ccbfacead07d2269c5198"}
,"C:\\Users\\dayan\\Desktop\\LAB\\burger-ladies\\src\\Pages\\notfound\\NotFound.styled.js": {"path":"C:\\Users\\dayan\\Desktop\\LAB\\burger-ladies\\src\\Pages\\notfound\\NotFound.styled.js","statementMap":{"0":{"start":{"line":3,"column":21},"end":{"line":26,"column":1}}},"fnMap":{},"branchMap":{},"s":{"0":2},"f":{},"b":{},"_coverageSchema":"1a1c01bbd47fc00a2c39e90264f33305004495a9","hash":"f5982c2396b85b197d7065e1aef5c0cba17a31d9"}
,"C:\\Users\\dayan\\Desktop\\LAB\\burger-ladies\\src\\Pages\\ordered\\Cart.jsx": {"path":"C:\\Users\\dayan\\Desktop\\LAB\\burger-ladies\\src\\Pages\\ordered\\Cart.jsx","statementMap":{"0":{"start":{"line":16,"column":13},"end":{"line":118,"column":1}},"1":{"start":{"line":17,"column":28},"end":{"line":17,"column":39}},"2":{"start":{"line":18,"column":38},"end":{"line":18,"column":50}},"3":{"start":{"line":19,"column":40},"end":{"line":19,"column":52}},"4":{"start":{"line":20,"column":30},"end":{"line":20,"column":48}},"5":{"start":{"line":21,"column":19},"end":{"line":21,"column":32}},"6":{"start":{"line":23,"column":27},"end":{"line":23,"column":63}},"7":{"start":{"line":23,"column":34},"end":{"line":23,"column":63}},"8":{"start":{"line":24,"column":28},"end":{"line":24,"column":65}},"9":{"start":{"line":24,"column":35},"end":{"line":24,"column":65}},"10":{"start":{"line":26,"column":23},"end":{"line":29,"column":3}},"11":{"start":{"line":27,"column":16},"end":{"line":27,"column":53}},"12":{"start":{"line":27,"column":38},"end":{"line":27,"column":52}},"13":{"start":{"line":28,"column":4},"end":{"line":28,"column":17}},"14":{"start":{"line":31,"column":22},"end":{"line":37,"column":3}},"15":{"start":{"line":32,"column":27},"end":{"line":32,"column":28}},"16":{"start":{"line":33,"column":4},"end":{"line":35,"column":7}},"17":{"start":{"line":34,"column":6},"end":{"line":34,"column":51}},"18":{"start":{"line":36,"column":4},"end":{"line":36,"column":31}},"19":{"start":{"line":39,"column":2},"end":{"line":41,"column":5}},"20":{"start":{"line":40,"column":4},"end":{"line":40,"column":18}},"21":{"start":{"line":43,"column":22},"end":{"line":61,"column":3}},"22":{"start":{"line":44,"column":4},"end":{"line":46,"column":5}},"23":{"start":{"line":45,"column":6},"end":{"line":45,"column":83}},"24":{"start":{"line":47,"column":23},"end":{"line":55,"column":5}},"25":{"start":{"line":57,"column":4},"end":{"line":57,"column":26}},"26":{"start":{"line":58,"column":4},"end":{"line":58,"column":48}},"27":{"start":{"line":60,"column":4},"end":{"line":60,"column":28}},"28":{"start":{"line":63,"column":2},"end":{"line":117,"column":4}},"29":{"start":{"line":93,"column":8},"end":{"line":105,"column":18}},"30":{"start":{"line":98,"column":37},"end":{"line":98,"column":59}},"31":{"start":{"line":100,"column":37},"end":{"line":100,"column":59}},"32":{"start":{"line":103,"column":35},"end":{"line":103,"column":56}},"33":{"start":{"line":108,"column":38},"end":{"line":108,"column":51}}},"fnMap":{"0":{"name":"(anonymous_0)","decl":{"start":{"line":16,"column":13},"end":{"line":16,"column":14}},"loc":{"start":{"line":16,"column":50},"end":{"line":118,"column":1}},"line":16},"1":{"name":"(anonymous_1)","decl":{"start":{"line":23,"column":27},"end":{"line":23,"column":28}},"loc":{"start":{"line":23,"column":34},"end":{"line":23,"column":63}},"line":23},"2":{"name":"(anonymous_2)","decl":{"start":{"line":24,"column":28},"end":{"line":24,"column":29}},"loc":{"start":{"line":24,"column":35},"end":{"line":24,"column":65}},"line":24},"3":{"name":"(anonymous_3)","decl":{"start":{"line":26,"column":23},"end":{"line":26,"column":24}},"loc":{"start":{"line":26,"column":31},"end":{"line":29,"column":3}},"line":26},"4":{"name":"(anonymous_4)","decl":{"start":{"line":27,"column":28},"end":{"line":27,"column":29}},"loc":{"start":{"line":27,"column":38},"end":{"line":27,"column":52}},"line":27},"5":{"name":"(anonymous_5)","decl":{"start":{"line":31,"column":22},"end":{"line":31,"column":23}},"loc":{"start":{"line":31,"column":28},"end":{"line":37,"column":3}},"line":31},"6":{"name":"(anonymous_6)","decl":{"start":{"line":33,"column":13},"end":{"line":33,"column":14}},"loc":{"start":{"line":33,"column":23},"end":{"line":35,"column":5}},"line":33},"7":{"name":"(anonymous_7)","decl":{"start":{"line":39,"column":12},"end":{"line":39,"column":13}},"loc":{"start":{"line":39,"column":18},"end":{"line":41,"column":3}},"line":39},"8":{"name":"(anonymous_8)","decl":{"start":{"line":43,"column":22},"end":{"line":43,"column":23}},"loc":{"start":{"line":43,"column":29},"end":{"line":61,"column":3}},"line":43},"9":{"name":"(anonymous_9)","decl":{"start":{"line":92,"column":16},"end":{"line":92,"column":17}},"loc":{"start":{"line":93,"column":8},"end":{"line":105,"column":18}},"line":93},"10":{"name":"(anonymous_10)","decl":{"start":{"line":98,"column":31},"end":{"line":98,"column":32}},"loc":{"start":{"line":98,"column":37},"end":{"line":98,"column":59}},"line":98},"11":{"name":"(anonymous_11)","decl":{"start":{"line":100,"column":31},"end":{"line":100,"column":32}},"loc":{"start":{"line":100,"column":37},"end":{"line":100,"column":59}},"line":100},"12":{"name":"(anonymous_12)","decl":{"start":{"line":103,"column":29},"end":{"line":103,"column":30}},"loc":{"start":{"line":103,"column":35},"end":{"line":103,"column":56}},"line":103},"13":{"name":"(anonymous_13)","decl":{"start":{"line":108,"column":32},"end":{"line":108,"column":33}},"loc":{"start":{"line":108,"column":38},"end":{"line":108,"column":51}},"line":108}},"branchMap":{"0":{"loc":{"start":{"line":44,"column":4},"end":{"line":46,"column":5}},"type":"if","locations":[{"start":{"line":44,"column":4},"end":{"line":46,"column":5}},{"start":{},"end":{}}],"line":44},"1":{"loc":{"start":{"line":44,"column":7},"end":{"line":44,"column":46}},"type":"binary-expr","locations":[{"start":{"line":44,"column":7},"end":{"line":44,"column":24}},{"start":{"line":44,"column":28},"end":{"line":44,"column":46}}],"line":44}},"s":{"0":2,"1":3,"2":3,"3":3,"4":3,"5":3,"6":3,"7":0,"8":3,"9":0,"10":3,"11":0,"12":0,"13":0,"14":3,"15":2,"16":2,"17":4,"18":2,"19":3,"20":2,"21":3,"22":0,"23":0,"24":0,"25":0,"26":0,"27":0,"28":3,"29":6,"30":0,"31":0,"32":0,"33":0},"f":{"0":3,"1":0,"2":0,"3":0,"4":0,"5":2,"6":4,"7":2,"8":0,"9":6,"10":0,"11":0,"12":0,"13":0},"b":{"0":[0,0],"1":[0,0]},"_coverageSchema":"1a1c01bbd47fc00a2c39e90264f33305004495a9","hash":"938b8d6e37085b26ea09b42557f22b6cfb2554ea"}
,"C:\\Users\\dayan\\Desktop\\LAB\\burger-ladies\\src\\Pages\\ordered\\Cart.styled.js": {"path":"C:\\Users\\dayan\\Desktop\\LAB\\burger-ladies\\src\\Pages\\ordered\\Cart.styled.js","statementMap":{"0":{"start":{"line":3,"column":20},"end":{"line":11,"column":1}},"1":{"start":{"line":12,"column":23},"end":{"line":24,"column":1}},"2":{"start":{"line":26,"column":23},"end":{"line":42,"column":1}},"3":{"start":{"line":43,"column":26},"end":{"line":61,"column":1}},"4":{"start":{"line":62,"column":25},"end":{"line":80,"column":1}},"5":{"start":{"line":81,"column":21},"end":{"line":96,"column":1}},"6":{"start":{"line":98,"column":29},"end":{"line":106,"column":1}},"7":{"start":{"line":108,"column":36},"end":{"line":111,"column":1}},"8":{"start":{"line":113,"column":26},"end":{"line":138,"column":1}}},"fnMap":{},"branchMap":{},"s":{"0":2,"1":2,"2":2,"3":2,"4":2,"5":2,"6":2,"7":2,"8":2},"f":{},"b":{},"_coverageSchema":"1a1c01bbd47fc00a2c39e90264f33305004495a9","hash":"61b532a59d404c857bb6b6d525ab628cac84d799"}
,"C:\\Users\\dayan\\Desktop\\LAB\\burger-ladies\\src\\Pages\\ordered\\MyCart.jsx": {"path":"C:\\Users\\dayan\\Desktop\\LAB\\burger-ladies\\src\\Pages\\ordered\\MyCart.jsx","statementMap":{"0":{"start":{"line":10,"column":15},"end":{"line":31,"column":1}},"1":{"start":{"line":12,"column":2},"end":{"line":30,"column":4}},"2":{"start":{"line":17,"column":37},"end":{"line":17,"column":50}},"3":{"start":{"line":24,"column":29},"end":{"line":24,"column":43}}},"fnMap":{"0":{"name":"(anonymous_0)","decl":{"start":{"line":10,"column":15},"end":{"line":10,"column":16}},"loc":{"start":{"line":10,"column":38},"end":{"line":31,"column":1}},"line":10},"1":{"name":"(anonymous_1)","decl":{"start":{"line":17,"column":31},"end":{"line":17,"column":32}},"loc":{"start":{"line":17,"column":37},"end":{"line":17,"column":50}},"line":17},"2":{"name":"(anonymous_2)","decl":{"start":{"line":24,"column":23},"end":{"line":24,"column":24}},"loc":{"start":{"line":24,"column":29},"end":{"line":24,"column":43}},"line":24}},"branchMap":{},"s":{"0":2,"1":1,"2":0,"3":0},"f":{"0":1,"1":0,"2":0},"b":{},"_coverageSchema":"1a1c01bbd47fc00a2c39e90264f33305004495a9","hash":"1c9b8845fea587a45275b3fcfb671ea576b02d6d"}
,"C:\\Users\\dayan\\Desktop\\LAB\\burger-ladies\\src\\Pages\\ordered\\MyCart.styled.js": {"path":"C:\\Users\\dayan\\Desktop\\LAB\\burger-ladies\\src\\Pages\\ordered\\MyCart.styled.js","statementMap":{"0":{"start":{"line":3,"column":29},"end":{"line":18,"column":2}},"1":{"start":{"line":19,"column":24},"end":{"line":25,"column":1}},"2":{"start":{"line":27,"column":22},"end":{"line":31,"column":1}},"3":{"start":{"line":33,"column":26},"end":{"line":38,"column":1}}},"fnMap":{},"branchMap":{},"s":{"0":10,"1":10,"2":10,"3":10},"f":{},"b":{},"_coverageSchema":"1a1c01bbd47fc00a2c39e90264f33305004495a9","hash":"373af9d3c9a9ff2b6245d911e8d4cb9d921d8ed2"}
,"C:\\Users\\dayan\\Desktop\\LAB\\burger-ladies\\src\\Pages\\ordered\\Ordered.jsx": {"path":"C:\\Users\\dayan\\Desktop\\LAB\\burger-ladies\\src\\Pages\\ordered\\Ordered.jsx","statementMap":{"0":{"start":{"line":6,"column":16},"end":{"line":53,"column":1}},"1":{"start":{"line":7,"column":34},"end":{"line":7,"column":46}},"2":{"start":{"line":8,"column":42},"end":{"line":8,"column":54}},"3":{"start":{"line":9,"column":36},"end":{"line":9,"column":51}},"4":{"start":{"line":11,"column":21},"end":{"line":19,"column":3}},"5":{"start":{"line":12,"column":4},"end":{"line":18,"column":7}},"6":{"start":{"line":14,"column":6},"end":{"line":14,"column":24}},"7":{"start":{"line":17,"column":6},"end":{"line":17,"column":25}},"8":{"start":{"line":20,"column":2},"end":{"line":22,"column":9}},"9":{"start":{"line":21,"column":4},"end":{"line":21,"column":17}},"10":{"start":{"line":24,"column":21},"end":{"line":27,"column":3}},"11":{"start":{"line":25,"column":4},"end":{"line":25,"column":26}},"12":{"start":{"line":26,"column":4},"end":{"line":26,"column":23}},"13":{"start":{"line":29,"column":24},"end":{"line":31,"column":14}},"14":{"start":{"line":30,"column":35},"end":{"line":30,"column":64}},"15":{"start":{"line":35,"column":2},"end":{"line":52,"column":4}},"16":{"start":{"line":38,"column":31},"end":{"line":38,"column":58}},"17":{"start":{"line":41,"column":31},"end":{"line":41,"column":59}},"18":{"start":{"line":48,"column":12},"end":{"line":48,"column":73}}},"fnMap":{"0":{"name":"(anonymous_0)","decl":{"start":{"line":6,"column":16},"end":{"line":6,"column":17}},"loc":{"start":{"line":6,"column":37},"end":{"line":53,"column":1}},"line":6},"1":{"name":"(anonymous_1)","decl":{"start":{"line":11,"column":21},"end":{"line":11,"column":22}},"loc":{"start":{"line":11,"column":33},"end":{"line":19,"column":3}},"line":11},"2":{"name":"(anonymous_2)","decl":{"start":{"line":13,"column":10},"end":{"line":13,"column":11}},"loc":{"start":{"line":13,"column":20},"end":{"line":15,"column":5}},"line":13},"3":{"name":"(anonymous_3)","decl":{"start":{"line":16,"column":11},"end":{"line":16,"column":12}},"loc":{"start":{"line":16,"column":22},"end":{"line":18,"column":5}},"line":16},"4":{"name":"(anonymous_4)","decl":{"start":{"line":20,"column":12},"end":{"line":20,"column":13}},"loc":{"start":{"line":20,"column":18},"end":{"line":22,"column":3}},"line":20},"5":{"name":"(anonymous_5)","decl":{"start":{"line":24,"column":21},"end":{"line":24,"column":22}},"loc":{"start":{"line":24,"column":31},"end":{"line":27,"column":3}},"line":24},"6":{"name":"(anonymous_6)","decl":{"start":{"line":30,"column":22},"end":{"line":30,"column":23}},"loc":{"start":{"line":30,"column":35},"end":{"line":30,"column":64}},"line":30},"7":{"name":"(anonymous_7)","decl":{"start":{"line":38,"column":25},"end":{"line":38,"column":26}},"loc":{"start":{"line":38,"column":31},"end":{"line":38,"column":58}},"line":38},"8":{"name":"(anonymous_8)","decl":{"start":{"line":41,"column":25},"end":{"line":41,"column":26}},"loc":{"start":{"line":41,"column":31},"end":{"line":41,"column":59}},"line":41},"9":{"name":"(anonymous_9)","decl":{"start":{"line":47,"column":28},"end":{"line":47,"column":29}},"loc":{"start":{"line":48,"column":12},"end":{"line":48,"column":73}},"line":48}},"branchMap":{"0":{"loc":{"start":{"line":29,"column":24},"end":{"line":31,"column":14}},"type":"cond-expr","locations":[{"start":{"line":30,"column":6},"end":{"line":30,"column":65}},{"start":{"line":31,"column":6},"end":{"line":31,"column":14}}],"line":29},"1":{"loc":{"start":{"line":46,"column":9},"end":{"line":49,"column":11}},"type":"binary-expr","locations":[{"start":{"line":46,"column":9},"end":{"line":46,"column":18}},{"start":{"line":47,"column":10},"end":{"line":49,"column":11}}],"line":46}},"s":{"0":2,"1":8,"2":8,"3":8,"4":8,"5":4,"6":4,"7":0,"8":8,"9":4,"10":8,"11":2,"12":2,"13":8,"14":12,"15":8,"16":1,"17":1,"18":6},"f":{"0":8,"1":4,"2":4,"3":0,"4":4,"5":2,"6":12,"7":1,"8":1,"9":6},"b":{"0":[2,6],"1":[8,2]},"_coverageSchema":"1a1c01bbd47fc00a2c39e90264f33305004495a9","hash":"2b871f1887f5a7ca76e4c27192f6bac5f042066b"}
,"C:\\Users\\dayan\\Desktop\\LAB\\burger-ladies\\src\\Pages\\ordered\\Ordered.styled.js": {"path":"C:\\Users\\dayan\\Desktop\\LAB\\burger-ladies\\src\\Pages\\ordered\\Ordered.styled.js","statementMap":{"0":{"start":{"line":3,"column":23},"end":{"line":20,"column":1}},"1":{"start":{"line":22,"column":28},"end":{"line":27,"column":1}},"2":{"start":{"line":29,"column":26},"end":{"line":37,"column":1}},"3":{"start":{"line":39,"column":22},"end":{"line":55,"column":1}},"4":{"start":{"line":56,"column":24},"end":{"line":59,"column":1}},"5":{"start":{"line":61,"column":26},"end":{"line":73,"column":1}}},"fnMap":{},"branchMap":{},"s":{"0":3,"1":3,"2":3,"3":3,"4":3,"5":3},"f":{},"b":{},"_coverageSchema":"1a1c01bbd47fc00a2c39e90264f33305004495a9","hash":"dbedcacc2e5ca4ca231788bb2d1bf30ef1c5f2b4"}
,"C:\\Users\\dayan\\Desktop\\LAB\\burger-ladies\\src\\Pages\\ordered\\OrderedProgress.jsx": {"path":"C:\\Users\\dayan\\Desktop\\LAB\\burger-ladies\\src\\Pages\\ordered\\OrderedProgress.jsx","statementMap":{"0":{"start":{"line":8,"column":24},"end":{"line":59,"column":1}},"1":{"start":{"line":9,"column":26},"end":{"line":9,"column":38}},"2":{"start":{"line":10,"column":26},"end":{"line":10,"column":40}},"3":{"start":{"line":11,"column":32},"end":{"line":11,"column":47}},"4":{"start":{"line":13,"column":22},"end":{"line":28,"column":3}},"5":{"start":{"line":14,"column":20},"end":{"line":14,"column":25}},"6":{"start":{"line":15,"column":4},"end":{"line":17,"column":7}},"7":{"start":{"line":16,"column":6},"end":{"line":16,"column":51}},"8":{"start":{"line":16,"column":34},"end":{"line":16,"column":51}},"9":{"start":{"line":18,"column":4},"end":{"line":26,"column":5}},"10":{"start":{"line":19,"column":6},"end":{"line":19,"column":23}},"11":{"start":{"line":20,"column":6},"end":{"line":22,"column":15}},"12":{"start":{"line":21,"column":8},"end":{"line":21,"column":26}},"13":{"start":{"line":23,"column":6},"end":{"line":23,"column":13}},"14":{"start":{"line":25,"column":6},"end":{"line":25,"column":52}},"15":{"start":{"line":27,"column":4},"end":{"line":27,"column":29}},"16":{"start":{"line":30,"column":23},"end":{"line":40,"column":3}},"17":{"start":{"line":31,"column":14},"end":{"line":31,"column":16}},"18":{"start":{"line":32,"column":4},"end":{"line":34,"column":7}},"19":{"start":{"line":33,"column":6},"end":{"line":33,"column":43}},"20":{"start":{"line":33,"column":31},"end":{"line":33,"column":43}},"21":{"start":{"line":36,"column":4},"end":{"line":36,"column":30}},"22":{"start":{"line":38,"column":4},"end":{"line":38,"column":53}},"23":{"start":{"line":38,"column":32},"end":{"line":38,"column":53}},"24":{"start":{"line":39,"column":4},"end":{"line":39,"column":23}},"25":{"start":{"line":41,"column":2},"end":{"line":58,"column":4}}},"fnMap":{"0":{"name":"(anonymous_0)","decl":{"start":{"line":8,"column":24},"end":{"line":8,"column":25}},"loc":{"start":{"line":8,"column":30},"end":{"line":59,"column":1}},"line":8},"1":{"name":"(anonymous_1)","decl":{"start":{"line":13,"column":22},"end":{"line":13,"column":23}},"loc":{"start":{"line":13,"column":32},"end":{"line":28,"column":3}},"line":13},"2":{"name":"(anonymous_2)","decl":{"start":{"line":15,"column":17},"end":{"line":15,"column":18}},"loc":{"start":{"line":15,"column":30},"end":{"line":17,"column":5}},"line":15},"3":{"name":"(anonymous_3)","decl":{"start":{"line":20,"column":17},"end":{"line":20,"column":18}},"loc":{"start":{"line":20,"column":23},"end":{"line":22,"column":7}},"line":20},"4":{"name":"(anonymous_4)","decl":{"start":{"line":30,"column":23},"end":{"line":30,"column":24}},"loc":{"start":{"line":30,"column":40},"end":{"line":40,"column":3}},"line":30},"5":{"name":"(anonymous_5)","decl":{"start":{"line":32,"column":17},"end":{"line":32,"column":18}},"loc":{"start":{"line":32,"column":34},"end":{"line":34,"column":5}},"line":32}},"branchMap":{"0":{"loc":{"start":{"line":16,"column":6},"end":{"line":16,"column":51}},"type":"if","locations":[{"start":{"line":16,"column":6},"end":{"line":16,"column":51}},{"start":{},"end":{}}],"line":16},"1":{"loc":{"start":{"line":18,"column":4},"end":{"line":26,"column":5}},"type":"if","locations":[{"start":{"line":18,"column":4},"end":{"line":26,"column":5}},{"start":{"line":24,"column":11},"end":{"line":26,"column":5}}],"line":18},"2":{"loc":{"start":{"line":33,"column":6},"end":{"line":33,"column":43}},"type":"if","locations":[{"start":{"line":33,"column":6},"end":{"line":33,"column":43}},{"start":{},"end":{}}],"line":33},"3":{"loc":{"start":{"line":38,"column":4},"end":{"line":38,"column":53}},"type":"if","locations":[{"start":{"line":38,"column":4},"end":{"line":38,"column":53}},{"start":{},"end":{}}],"line":38},"4":{"loc":{"start":{"line":45,"column":5},"end":{"line":49,"column":5}},"type":"cond-expr","locations":[{"start":{"line":46,"column":6},"end":{"line":46,"column":44}},{"start":{"line":48,"column":6},"end":{"line":48,"column":72}}],"line":45},"5":{"loc":{"start":{"line":51,"column":5},"end":{"line":56,"column":5}},"type":"binary-expr","locations":[{"start":{"line":51,"column":5},"end":{"line":51,"column":12}},{"start":{"line":52,"column":6},"end":{"line":55,"column":19}}],"line":51}},"s":{"0":2,"1":1,"2":1,"3":1,"4":1,"5":0,"6":0,"7":0,"8":0,"9":0,"10":0,"11":0,"12":0,"13":0,"14":0,"15":0,"16":1,"17":0,"18":0,"19":0,"20":0,"21":0,"22":0,"23":0,"24":0,"25":1},"f":{"0":1,"1":0,"2":0,"3":0,"4":0,"5":0},"b":{"0":[0,0],"1":[0,0],"2":[0,0],"3":[0,0],"4":[1,0],"5":[1,0]},"_coverageSchema":"1a1c01bbd47fc00a2c39e90264f33305004495a9","hash":"d52c5b75e32013441b32085af7ba663f08c8ad83"}
,"C:\\Users\\dayan\\Desktop\\LAB\\burger-ladies\\src\\Pages\\products\\AdcProducts.jsx": {"path":"C:\\Users\\dayan\\Desktop\\LAB\\burger-ladies\\src\\Pages\\products\\AdcProducts.jsx","statementMap":{"0":{"start":{"line":11,"column":26},"end":{"line":11,"column":38}},"1":{"start":{"line":12,"column":40},"end":{"line":12,"column":52}},"2":{"start":{"line":13,"column":28},"end":{"line":13,"column":40}},"3":{"start":{"line":14,"column":26},"end":{"line":14,"column":38}},"4":{"start":{"line":15,"column":34},"end":{"line":15,"column":46}},"5":{"start":{"line":16,"column":30},"end":{"line":16,"column":42}},"6":{"start":{"line":18,"column":21},"end":{"line":20,"column":3}},"7":{"start":{"line":19,"column":4},"end":{"line":19,"column":28}},"8":{"start":{"line":22,"column":28},"end":{"line":22,"column":65}},"9":{"start":{"line":22,"column":35},"end":{"line":22,"column":65}},"10":{"start":{"line":23,"column":22},"end":{"line":23,"column":53}},"11":{"start":{"line":23,"column":29},"end":{"line":23,"column":53}},"12":{"start":{"line":24,"column":21},"end":{"line":24,"column":51}},"13":{"start":{"line":24,"column":28},"end":{"line":24,"column":51}},"14":{"start":{"line":25,"column":25},"end":{"line":25,"column":59}},"15":{"start":{"line":25,"column":32},"end":{"line":25,"column":59}},"16":{"start":{"line":26,"column":23},"end":{"line":26,"column":55}},"17":{"start":{"line":26,"column":30},"end":{"line":26,"column":55}},"18":{"start":{"line":29,"column":4},"end":{"line":29,"column":23}},"19":{"start":{"line":30,"column":4},"end":{"line":32,"column":5}},"20":{"start":{"line":31,"column":6},"end":{"line":31,"column":63}},"21":{"start":{"line":33,"column":4},"end":{"line":47,"column":8}},"22":{"start":{"line":35,"column":8},"end":{"line":37,"column":9}},"23":{"start":{"line":36,"column":8},"end":{"line":36,"column":57}},"24":{"start":{"line":38,"column":8},"end":{"line":38,"column":20}},"25":{"start":{"line":39,"column":8},"end":{"line":39,"column":27}},"26":{"start":{"line":40,"column":8},"end":{"line":40,"column":21}},"27":{"start":{"line":41,"column":8},"end":{"line":41,"column":20}},"28":{"start":{"line":42,"column":8},"end":{"line":42,"column":24}},"29":{"start":{"line":43,"column":8},"end":{"line":43,"column":22}},"30":{"start":{"line":46,"column":8},"end":{"line":46,"column":75}},"31":{"start":{"line":50,"column":2},"end":{"line":118,"column":4}}},"fnMap":{"0":{"name":"AdcProducts","decl":{"start":{"line":10,"column":9},"end":{"line":10,"column":20}},"loc":{"start":{"line":10,"column":23},"end":{"line":119,"column":1}},"line":10},"1":{"name":"(anonymous_1)","decl":{"start":{"line":18,"column":21},"end":{"line":18,"column":22}},"loc":{"start":{"line":18,"column":28},"end":{"line":20,"column":3}},"line":18},"2":{"name":"(anonymous_2)","decl":{"start":{"line":22,"column":28},"end":{"line":22,"column":29}},"loc":{"start":{"line":22,"column":35},"end":{"line":22,"column":65}},"line":22},"3":{"name":"(anonymous_3)","decl":{"start":{"line":23,"column":22},"end":{"line":23,"column":23}},"loc":{"start":{"line":23,"column":29},"end":{"line":23,"column":53}},"line":23},"4":{"name":"(anonymous_4)","decl":{"start":{"line":24,"column":21},"end":{"line":24,"column":22}},"loc":{"start":{"line":24,"column":28},"end":{"line":24,"column":51}},"line":24},"5":{"name":"(anonymous_5)","decl":{"start":{"line":25,"column":25},"end":{"line":25,"column":26}},"loc":{"start":{"line":25,"column":32},"end":{"line":25,"column":59}},"line":25},"6":{"name":"(anonymous_6)","decl":{"start":{"line":26,"column":23},"end":{"line":26,"column":24}},"loc":{"start":{"line":26,"column":30},"end":{"line":26,"column":55}},"line":26},"7":{"name":"addProdutos","decl":{"start":{"line":28,"column":11},"end":{"line":28,"column":22}},"loc":{"start":{"line":28,"column":26},"end":{"line":48,"column":3}},"line":28},"8":{"name":"(anonymous_8)","decl":{"start":{"line":34,"column":12},"end":{"line":34,"column":13}},"loc":{"start":{"line":34,"column":26},"end":{"line":44,"column":7}},"line":34},"9":{"name":"(anonymous_9)","decl":{"start":{"line":45,"column":13},"end":{"line":45,"column":14}},"loc":{"start":{"line":46,"column":8},"end":{"line":46,"column":75}},"line":46}},"branchMap":{"0":{"loc":{"start":{"line":30,"column":4},"end":{"line":32,"column":5}},"type":"if","locations":[{"start":{"line":30,"column":4},"end":{"line":32,"column":5}},{"start":{},"end":{}}],"line":30},"1":{"loc":{"start":{"line":30,"column":8},"end":{"line":30,"column":108}},"type":"binary-expr","locations":[{"start":{"line":30,"column":8},"end":{"line":30,"column":19}},{"start":{"line":30,"column":23},"end":{"line":30,"column":41}},{"start":{"line":30,"column":45},"end":{"line":30,"column":57}},{"start":{"line":30,"column":61},"end":{"line":30,"column":72}},{"start":{"line":30,"column":76},"end":{"line":30,"column":91}},{"start":{"line":30,"column":95},"end":{"line":30,"column":108}}],"line":30},"2":{"loc":{"start":{"line":35,"column":8},"end":{"line":37,"column":9}},"type":"if","locations":[{"start":{"line":35,"column":8},"end":{"line":37,"column":9}},{"start":{},"end":{}}],"line":35}},"s":{"0":2,"1":2,"2":2,"3":2,"4":2,"5":2,"6":2,"7":0,"8":2,"9":0,"10":2,"11":0,"12":2,"13":0,"14":2,"15":0,"16":2,"17":0,"18":0,"19":0,"20":0,"21":0,"22":0,"23":0,"24":0,"25":0,"26":0,"27":0,"28":0,"29":0,"30":0,"31":2},"f":{"0":2,"1":0,"2":0,"3":0,"4":0,"5":0,"6":0,"7":0,"8":0,"9":0},"b":{"0":[0,0],"1":[0,0,0,0,0,0],"2":[0,0]},"_coverageSchema":"1a1c01bbd47fc00a2c39e90264f33305004495a9","hash":"2fe2fcb31a53eccfdc55875ab5c7781064404875"}
,"C:\\Users\\dayan\\Desktop\\LAB\\burger-ladies\\src\\Pages\\products\\EditProducts.jsx": {"path":"C:\\Users\\dayan\\Desktop\\LAB\\burger-ladies\\src\\Pages\\products\\EditProducts.jsx","statementMap":{"0":{"start":{"line":16,"column":20},"end":{"line":111,"column":1}},"1":{"start":{"line":17,"column":26},"end":{"line":17,"column":38}},"2":{"start":{"line":18,"column":22},"end":{"line":18,"column":42}},"3":{"start":{"line":19,"column":26},"end":{"line":19,"column":48}},"4":{"start":{"line":20,"column":24},"end":{"line":20,"column":45}},"5":{"start":{"line":21,"column":40},"end":{"line":21,"column":69}},"6":{"start":{"line":22,"column":28},"end":{"line":22,"column":51}},"7":{"start":{"line":23,"column":26},"end":{"line":23,"column":48}},"8":{"start":{"line":24,"column":34},"end":{"line":24,"column":60}},"9":{"start":{"line":25,"column":30},"end":{"line":25,"column":54}},"10":{"start":{"line":26,"column":19},"end":{"line":26,"column":31}},"11":{"start":{"line":28,"column":21},"end":{"line":28,"column":51}},"12":{"start":{"line":28,"column":28},"end":{"line":28,"column":51}},"13":{"start":{"line":29,"column":28},"end":{"line":29,"column":65}},"14":{"start":{"line":29,"column":35},"end":{"line":29,"column":65}},"15":{"start":{"line":30,"column":22},"end":{"line":30,"column":53}},"16":{"start":{"line":30,"column":29},"end":{"line":30,"column":53}},"17":{"start":{"line":31,"column":21},"end":{"line":31,"column":51}},"18":{"start":{"line":31,"column":28},"end":{"line":31,"column":51}},"19":{"start":{"line":32,"column":25},"end":{"line":32,"column":59}},"20":{"start":{"line":32,"column":32},"end":{"line":32,"column":59}},"21":{"start":{"line":34,"column":2},"end":{"line":36,"column":8}},"22":{"start":{"line":35,"column":4},"end":{"line":35,"column":29}},"23":{"start":{"line":39,"column":4},"end":{"line":55,"column":9}},"24":{"start":{"line":49,"column":8},"end":{"line":49,"column":22}},"25":{"start":{"line":50,"column":8},"end":{"line":50,"column":44}},"26":{"start":{"line":51,"column":8},"end":{"line":51,"column":33}},"27":{"start":{"line":54,"column":8},"end":{"line":54,"column":27}},"28":{"start":{"line":58,"column":2},"end":{"line":110,"column":4}},"29":{"start":{"line":105,"column":35},"end":{"line":105,"column":70}}},"fnMap":{"0":{"name":"(anonymous_0)","decl":{"start":{"line":16,"column":20},"end":{"line":16,"column":21}},"loc":{"start":{"line":16,"column":37},"end":{"line":111,"column":1}},"line":16},"1":{"name":"(anonymous_1)","decl":{"start":{"line":28,"column":21},"end":{"line":28,"column":22}},"loc":{"start":{"line":28,"column":28},"end":{"line":28,"column":51}},"line":28},"2":{"name":"(anonymous_2)","decl":{"start":{"line":29,"column":28},"end":{"line":29,"column":29}},"loc":{"start":{"line":29,"column":35},"end":{"line":29,"column":65}},"line":29},"3":{"name":"(anonymous_3)","decl":{"start":{"line":30,"column":22},"end":{"line":30,"column":23}},"loc":{"start":{"line":30,"column":29},"end":{"line":30,"column":53}},"line":30},"4":{"name":"(anonymous_4)","decl":{"start":{"line":31,"column":21},"end":{"line":31,"column":22}},"loc":{"start":{"line":31,"column":28},"end":{"line":31,"column":51}},"line":31},"5":{"name":"(anonymous_5)","decl":{"start":{"line":32,"column":25},"end":{"line":32,"column":26}},"loc":{"start":{"line":32,"column":32},"end":{"line":32,"column":59}},"line":32},"6":{"name":"(anonymous_6)","decl":{"start":{"line":34,"column":12},"end":{"line":34,"column":13}},"loc":{"start":{"line":34,"column":16},"end":{"line":36,"column":3}},"line":34},"7":{"name":"handleUpdate","decl":{"start":{"line":38,"column":17},"end":{"line":38,"column":29}},"loc":{"start":{"line":38,"column":32},"end":{"line":56,"column":3}},"line":38},"8":{"name":"(anonymous_8)","decl":{"start":{"line":48,"column":12},"end":{"line":48,"column":13}},"loc":{"start":{"line":48,"column":22},"end":{"line":52,"column":7}},"line":48},"9":{"name":"(anonymous_9)","decl":{"start":{"line":53,"column":13},"end":{"line":53,"column":14}},"loc":{"start":{"line":53,"column":24},"end":{"line":55,"column":7}},"line":53},"10":{"name":"(anonymous_10)","decl":{"start":{"line":105,"column":29},"end":{"line":105,"column":30}},"loc":{"start":{"line":105,"column":35},"end":{"line":105,"column":70}},"line":105}},"branchMap":{},"s":{"0":2,"1":0,"2":0,"3":0,"4":0,"5":0,"6":0,"7":0,"8":0,"9":0,"10":0,"11":0,"12":0,"13":0,"14":0,"15":0,"16":0,"17":0,"18":0,"19":0,"20":0,"21":0,"22":0,"23":0,"24":0,"25":0,"26":0,"27":0,"28":0,"29":0},"f":{"0":0,"1":0,"2":0,"3":0,"4":0,"5":0,"6":0,"7":0,"8":0,"9":0,"10":0},"b":{},"_coverageSchema":"1a1c01bbd47fc00a2c39e90264f33305004495a9","hash":"51612b683bfe0251f049fd693e75847bc655b8ab"}
,"C:\\Users\\dayan\\Desktop\\LAB\\burger-ladies\\src\\Pages\\products\\ListProducts.jsx": {"path":"C:\\Users\\dayan\\Desktop\\LAB\\burger-ladies\\src\\Pages\\products\\ListProducts.jsx","statementMap":{"0":{"start":{"line":20,"column":21},"end":{"line":135,"column":1}},"1":{"start":{"line":21,"column":34},"end":{"line":21,"column":46}},"2":{"start":{"line":22,"column":46},"end":{"line":22,"column":60}},"3":{"start":{"line":23,"column":44},"end":{"line":23,"column":59}},"4":{"start":{"line":24,"column":48},"end":{"line":24,"column":63}},"5":{"start":{"line":25,"column":34},"end":{"line":25,"column":48}},"6":{"start":{"line":27,"column":22},"end":{"line":35,"column":3}},"7":{"start":{"line":28,"column":4},"end":{"line":34,"column":9}},"8":{"start":{"line":30,"column":8},"end":{"line":30,"column":26}},"9":{"start":{"line":33,"column":8},"end":{"line":33,"column":29}},"10":{"start":{"line":37,"column":2},"end":{"line":39,"column":9}},"11":{"start":{"line":38,"column":4},"end":{"line":38,"column":18}},"12":{"start":{"line":41,"column":26},"end":{"line":44,"column":3}},"13":{"start":{"line":42,"column":4},"end":{"line":42,"column":25}},"14":{"start":{"line":43,"column":4},"end":{"line":43,"column":29}},"15":{"start":{"line":46,"column":27},"end":{"line":49,"column":3}},"16":{"start":{"line":47,"column":4},"end":{"line":47,"column":22}},"17":{"start":{"line":48,"column":4},"end":{"line":48,"column":30}},"18":{"start":{"line":51,"column":24},"end":{"line":54,"column":3}},"19":{"start":{"line":52,"column":4},"end":{"line":52,"column":31}},"20":{"start":{"line":53,"column":4},"end":{"line":53,"column":27}},"21":{"start":{"line":56,"column":25},"end":{"line":59,"column":3}},"22":{"start":{"line":57,"column":4},"end":{"line":57,"column":28}},"23":{"start":{"line":58,"column":4},"end":{"line":58,"column":28}},"24":{"start":{"line":62,"column":4},"end":{"line":78,"column":9}},"25":{"start":{"line":64,"column":8},"end":{"line":66,"column":9}},"26":{"start":{"line":65,"column":10},"end":{"line":65,"column":53}},"27":{"start":{"line":70,"column":8},"end":{"line":72,"column":10}},"28":{"start":{"line":71,"column":10},"end":{"line":71,"column":61}},"29":{"start":{"line":71,"column":37},"end":{"line":71,"column":60}},"30":{"start":{"line":73,"column":8},"end":{"line":73,"column":27}},"31":{"start":{"line":74,"column":8},"end":{"line":74,"column":26}},"32":{"start":{"line":77,"column":8},"end":{"line":77,"column":27}},"33":{"start":{"line":81,"column":2},"end":{"line":134,"column":4}},"34":{"start":{"line":100,"column":10},"end":{"line":130,"column":18}},"35":{"start":{"line":122,"column":40},"end":{"line":122,"column":64}},"36":{"start":{"line":126,"column":42},"end":{"line":126,"column":64}}},"fnMap":{"0":{"name":"(anonymous_0)","decl":{"start":{"line":20,"column":21},"end":{"line":20,"column":22}},"loc":{"start":{"line":20,"column":27},"end":{"line":135,"column":1}},"line":20},"1":{"name":"(anonymous_1)","decl":{"start":{"line":27,"column":22},"end":{"line":27,"column":23}},"loc":{"start":{"line":27,"column":34},"end":{"line":35,"column":3}},"line":27},"2":{"name":"(anonymous_2)","decl":{"start":{"line":29,"column":12},"end":{"line":29,"column":13}},"loc":{"start":{"line":29,"column":22},"end":{"line":31,"column":7}},"line":29},"3":{"name":"(anonymous_3)","decl":{"start":{"line":32,"column":13},"end":{"line":32,"column":14}},"loc":{"start":{"line":32,"column":24},"end":{"line":34,"column":7}},"line":32},"4":{"name":"(anonymous_4)","decl":{"start":{"line":37,"column":12},"end":{"line":37,"column":13}},"loc":{"start":{"line":37,"column":18},"end":{"line":39,"column":3}},"line":37},"5":{"name":"(anonymous_5)","decl":{"start":{"line":41,"column":26},"end":{"line":41,"column":27}},"loc":{"start":{"line":41,"column":39},"end":{"line":44,"column":3}},"line":41},"6":{"name":"(anonymous_6)","decl":{"start":{"line":46,"column":27},"end":{"line":46,"column":28}},"loc":{"start":{"line":46,"column":33},"end":{"line":49,"column":3}},"line":46},"7":{"name":"(anonymous_7)","decl":{"start":{"line":51,"column":24},"end":{"line":51,"column":25}},"loc":{"start":{"line":51,"column":37},"end":{"line":54,"column":3}},"line":51},"8":{"name":"(anonymous_8)","decl":{"start":{"line":56,"column":25},"end":{"line":56,"column":26}},"loc":{"start":{"line":56,"column":31},"end":{"line":59,"column":3}},"line":56},"9":{"name":"deleteProducts","decl":{"start":{"line":61,"column":17},"end":{"line":61,"column":31}},"loc":{"start":{"line":61,"column":34},"end":{"line":79,"column":3}},"line":61},"10":{"name":"(anonymous_10)","decl":{"start":{"line":63,"column":12},"end":{"line":63,"column":13}},"loc":{"start":{"line":63,"column":26},"end":{"line":67,"column":7}},"line":63},"11":{"name":"(anonymous_11)","decl":{"start":{"line":68,"column":12},"end":{"line":68,"column":13}},"loc":{"start":{"line":68,"column":22},"end":{"line":75,"column":7}},"line":68},"12":{"name":"(anonymous_12)","decl":{"start":{"line":70,"column":20},"end":{"line":70,"column":21}},"loc":{"start":{"line":71,"column":10},"end":{"line":71,"column":61}},"line":71},"13":{"name":"(anonymous_13)","decl":{"start":{"line":71,"column":27},"end":{"line":71,"column":28}},"loc":{"start":{"line":71,"column":37},"end":{"line":71,"column":60}},"line":71},"14":{"name":"(anonymous_14)","decl":{"start":{"line":76,"column":13},"end":{"line":76,"column":14}},"loc":{"start":{"line":76,"column":24},"end":{"line":78,"column":7}},"line":76},"15":{"name":"(anonymous_15)","decl":{"start":{"line":99,"column":22},"end":{"line":99,"column":23}},"loc":{"start":{"line":100,"column":10},"end":{"line":130,"column":18}},"line":100},"16":{"name":"(anonymous_16)","decl":{"start":{"line":122,"column":34},"end":{"line":122,"column":35}},"loc":{"start":{"line":122,"column":40},"end":{"line":122,"column":64}},"line":122},"17":{"name":"(anonymous_17)","decl":{"start":{"line":126,"column":36},"end":{"line":126,"column":37}},"loc":{"start":{"line":126,"column":42},"end":{"line":126,"column":64}},"line":126}},"branchMap":{"0":{"loc":{"start":{"line":64,"column":8},"end":{"line":66,"column":9}},"type":"if","locations":[{"start":{"line":64,"column":8},"end":{"line":66,"column":9}},{"start":{},"end":{}}],"line":64},"1":{"loc":{"start":{"line":85,"column":7},"end":{"line":87,"column":7}},"type":"binary-expr","locations":[{"start":{"line":85,"column":7},"end":{"line":85,"column":20}},{"start":{"line":86,"column":8},"end":{"line":86,"column":72}}],"line":85},"2":{"loc":{"start":{"line":90,"column":7},"end":{"line":98,"column":7}},"type":"binary-expr","locations":[{"start":{"line":90,"column":7},"end":{"line":90,"column":22}},{"start":{"line":90,"column":26},"end":{"line":90,"column":34}},{"start":{"line":91,"column":8},"end":{"line":97,"column":22}}],"line":90}},"s":{"0":2,"1":3,"2":2,"3":2,"4":2,"5":2,"6":2,"7":0,"8":0,"9":0,"10":2,"11":0,"12":2,"13":0,"14":0,"15":2,"16":0,"17":0,"18":2,"19":0,"20":0,"21":2,"22":0,"23":0,"24":0,"25":0,"26":0,"27":0,"28":0,"29":0,"30":0,"31":0,"32":0,"33":2,"34":0,"35":0,"36":0},"f":{"0":3,"1":0,"2":0,"3":0,"4":0,"5":0,"6":0,"7":0,"8":0,"9":0,"10":0,"11":0,"12":0,"13":0,"14":0,"15":0,"16":0,"17":0},"b":{"0":[0,0],"1":[2,0],"2":[2,0,0]},"_coverageSchema":"1a1c01bbd47fc00a2c39e90264f33305004495a9","hash":"6c79959c26b6e003052f071a11b3584d6d5bd34f"}
,"C:\\Users\\dayan\\Desktop\\LAB\\burger-ladies\\src\\Pages\\products\\Products.styled.js": {"path":"C:\\Users\\dayan\\Desktop\\LAB\\burger-ladies\\src\\Pages\\products\\Products.styled.js","statementMap":{"0":{"start":{"line":3,"column":24},"end":{"line":11,"column":1}},"1":{"start":{"line":13,"column":29},"end":{"line":19,"column":1}},"2":{"start":{"line":20,"column":29},"end":{"line":25,"column":1}},"3":{"start":{"line":26,"column":28},"end":{"line":29,"column":1}},"4":{"start":{"line":30,"column":21},"end":{"line":33,"column":1}},"5":{"start":{"line":35,"column":27},"end":{"line":39,"column":1}},"6":{"start":{"line":41,"column":32},"end":{"line":46,"column":1}}},"fnMap":{},"branchMap":{},"s":{"0":7,"1":7,"2":7,"3":7,"4":7,"5":7,"6":7},"f":{},"b":{},"_coverageSchema":"1a1c01bbd47fc00a2c39e90264f33305004495a9","hash":"a73299e8eeb7e1d183b4a52c4c1ded90e8d72c0a"}
,"C:\\Users\\dayan\\Desktop\\LAB\\burger-ladies\\src\\Pages\\users\\EditUser.jsx": {"path":"C:\\Users\\dayan\\Desktop\\LAB\\burger-ladies\\src\\Pages\\users\\EditUser.jsx","statementMap":{"0":{"start":{"line":10,"column":17},"end":{"line":75,"column":1}},"1":{"start":{"line":11,"column":26},"end":{"line":11,"column":38}},"2":{"start":{"line":12,"column":22},"end":{"line":12,"column":39}},"3":{"start":{"line":13,"column":26},"end":{"line":13,"column":45}},"4":{"start":{"line":14,"column":28},"end":{"line":14,"column":48}},"5":{"start":{"line":15,"column":26},"end":{"line":15,"column":45}},"6":{"start":{"line":16,"column":19},"end":{"line":16,"column":31}},"7":{"start":{"line":18,"column":21},"end":{"line":18,"column":51}},"8":{"start":{"line":18,"column":28},"end":{"line":18,"column":51}},"9":{"start":{"line":19,"column":22},"end":{"line":19,"column":53}},"10":{"start":{"line":19,"column":29},"end":{"line":19,"column":53}},"11":{"start":{"line":20,"column":21},"end":{"line":20,"column":51}},"12":{"start":{"line":20,"column":28},"end":{"line":20,"column":51}},"13":{"start":{"line":22,"column":2},"end":{"line":24,"column":8}},"14":{"start":{"line":23,"column":4},"end":{"line":23,"column":29}},"15":{"start":{"line":27,"column":4},"end":{"line":35,"column":9}},"16":{"start":{"line":29,"column":8},"end":{"line":29,"column":22}},"17":{"start":{"line":30,"column":8},"end":{"line":30,"column":44}},"18":{"start":{"line":31,"column":8},"end":{"line":31,"column":33}},"19":{"start":{"line":34,"column":8},"end":{"line":34,"column":27}},"20":{"start":{"line":38,"column":2},"end":{"line":74,"column":4}},"21":{"start":{"line":69,"column":37},"end":{"line":69,"column":69}}},"fnMap":{"0":{"name":"(anonymous_0)","decl":{"start":{"line":10,"column":17},"end":{"line":10,"column":18}},"loc":{"start":{"line":10,"column":31},"end":{"line":75,"column":1}},"line":10},"1":{"name":"(anonymous_1)","decl":{"start":{"line":18,"column":21},"end":{"line":18,"column":22}},"loc":{"start":{"line":18,"column":28},"end":{"line":18,"column":51}},"line":18},"2":{"name":"(anonymous_2)","decl":{"start":{"line":19,"column":22},"end":{"line":19,"column":23}},"loc":{"start":{"line":19,"column":29},"end":{"line":19,"column":53}},"line":19},"3":{"name":"(anonymous_3)","decl":{"start":{"line":20,"column":21},"end":{"line":20,"column":22}},"loc":{"start":{"line":20,"column":28},"end":{"line":20,"column":51}},"line":20},"4":{"name":"(anonymous_4)","decl":{"start":{"line":22,"column":12},"end":{"line":22,"column":13}},"loc":{"start":{"line":22,"column":16},"end":{"line":24,"column":3}},"line":22},"5":{"name":"handleUpdate","decl":{"start":{"line":26,"column":17},"end":{"line":26,"column":29}},"loc":{"start":{"line":26,"column":32},"end":{"line":36,"column":3}},"line":26},"6":{"name":"(anonymous_6)","decl":{"start":{"line":28,"column":12},"end":{"line":28,"column":13}},"loc":{"start":{"line":28,"column":22},"end":{"line":32,"column":7}},"line":28},"7":{"name":"(anonymous_7)","decl":{"start":{"line":33,"column":13},"end":{"line":33,"column":14}},"loc":{"start":{"line":33,"column":24},"end":{"line":35,"column":7}},"line":33},"8":{"name":"(anonymous_8)","decl":{"start":{"line":69,"column":31},"end":{"line":69,"column":32}},"loc":{"start":{"line":69,"column":37},"end":{"line":69,"column":69}},"line":69}},"branchMap":{},"s":{"0":3,"1":4,"2":4,"3":0,"4":0,"5":0,"6":0,"7":0,"8":0,"9":0,"10":0,"11":0,"12":0,"13":0,"14":0,"15":0,"16":0,"17":0,"18":0,"19":0,"20":0,"21":0},"f":{"0":4,"1":0,"2":0,"3":0,"4":0,"5":0,"6":0,"7":0,"8":0},"b":{},"_coverageSchema":"1a1c01bbd47fc00a2c39e90264f33305004495a9","hash":"95cb5fe95ca0406cbd3022167abaf662029ab079"}
,"C:\\Users\\dayan\\Desktop\\LAB\\burger-ladies\\src\\Pages\\users\\ListUsers.jsx": {"path":"C:\\Users\\dayan\\Desktop\\LAB\\burger-ladies\\src\\Pages\\users\\ListUsers.jsx","statementMap":{"0":{"start":{"line":19,"column":18},"end":{"line":124,"column":1}},"1":{"start":{"line":20,"column":28},"end":{"line":20,"column":40}},"2":{"start":{"line":21,"column":44},"end":{"line":21,"column":59}},"3":{"start":{"line":22,"column":48},"end":{"line":22,"column":63}},"4":{"start":{"line":23,"column":40},"end":{"line":23,"column":54}},"5":{"start":{"line":24,"column":34},"end":{"line":24,"column":48}},"6":{"start":{"line":26,"column":19},"end":{"line":34,"column":3}},"7":{"start":{"line":27,"column":4},"end":{"line":33,"column":7}},"8":{"start":{"line":29,"column":6},"end":{"line":29,"column":21}},"9":{"start":{"line":32,"column":6},"end":{"line":32,"column":27}},"10":{"start":{"line":36,"column":2},"end":{"line":38,"column":9}},"11":{"start":{"line":37,"column":4},"end":{"line":37,"column":15}},"12":{"start":{"line":40,"column":26},"end":{"line":43,"column":3}},"13":{"start":{"line":41,"column":4},"end":{"line":41,"column":22}},"14":{"start":{"line":42,"column":4},"end":{"line":42,"column":29}},"15":{"start":{"line":45,"column":27},"end":{"line":48,"column":3}},"16":{"start":{"line":46,"column":4},"end":{"line":46,"column":22}},"17":{"start":{"line":47,"column":4},"end":{"line":47,"column":30}},"18":{"start":{"line":50,"column":24},"end":{"line":53,"column":3}},"19":{"start":{"line":51,"column":4},"end":{"line":51,"column":25}},"20":{"start":{"line":52,"column":4},"end":{"line":52,"column":27}},"21":{"start":{"line":55,"column":25},"end":{"line":58,"column":3}},"22":{"start":{"line":56,"column":4},"end":{"line":56,"column":25}},"23":{"start":{"line":57,"column":4},"end":{"line":57,"column":28}},"24":{"start":{"line":61,"column":4},"end":{"line":77,"column":7}},"25":{"start":{"line":63,"column":6},"end":{"line":65,"column":7}},"26":{"start":{"line":64,"column":8},"end":{"line":64,"column":58}},"27":{"start":{"line":69,"column":6},"end":{"line":71,"column":8}},"28":{"start":{"line":70,"column":8},"end":{"line":70,"column":59}},"29":{"start":{"line":70,"column":35},"end":{"line":70,"column":58}},"30":{"start":{"line":72,"column":6},"end":{"line":72,"column":25}},"31":{"start":{"line":73,"column":6},"end":{"line":73,"column":24}},"32":{"start":{"line":76,"column":6},"end":{"line":76,"column":25}},"33":{"start":{"line":80,"column":2},"end":{"line":123,"column":4}},"34":{"start":{"line":96,"column":10},"end":{"line":119,"column":13}},"35":{"start":{"line":111,"column":42},"end":{"line":111,"column":63}},"36":{"start":{"line":114,"column":44},"end":{"line":114,"column":63}}},"fnMap":{"0":{"name":"(anonymous_0)","decl":{"start":{"line":19,"column":18},"end":{"line":19,"column":19}},"loc":{"start":{"line":19,"column":24},"end":{"line":124,"column":1}},"line":19},"1":{"name":"(anonymous_1)","decl":{"start":{"line":26,"column":19},"end":{"line":26,"column":20}},"loc":{"start":{"line":26,"column":31},"end":{"line":34,"column":3}},"line":26},"2":{"name":"(anonymous_2)","decl":{"start":{"line":28,"column":10},"end":{"line":28,"column":11}},"loc":{"start":{"line":28,"column":20},"end":{"line":30,"column":5}},"line":28},"3":{"name":"(anonymous_3)","decl":{"start":{"line":31,"column":11},"end":{"line":31,"column":12}},"loc":{"start":{"line":31,"column":22},"end":{"line":33,"column":5}},"line":31},"4":{"name":"(anonymous_4)","decl":{"start":{"line":36,"column":12},"end":{"line":36,"column":13}},"loc":{"start":{"line":36,"column":18},"end":{"line":38,"column":3}},"line":36},"5":{"name":"(anonymous_5)","decl":{"start":{"line":40,"column":26},"end":{"line":40,"column":27}},"loc":{"start":{"line":40,"column":36},"end":{"line":43,"column":3}},"line":40},"6":{"name":"(anonymous_6)","decl":{"start":{"line":45,"column":27},"end":{"line":45,"column":28}},"loc":{"start":{"line":45,"column":33},"end":{"line":48,"column":3}},"line":45},"7":{"name":"(anonymous_7)","decl":{"start":{"line":50,"column":24},"end":{"line":50,"column":25}},"loc":{"start":{"line":50,"column":34},"end":{"line":53,"column":3}},"line":50},"8":{"name":"(anonymous_8)","decl":{"start":{"line":55,"column":25},"end":{"line":55,"column":26}},"loc":{"start":{"line":55,"column":31},"end":{"line":58,"column":3}},"line":55},"9":{"name":"deleteUsers","decl":{"start":{"line":60,"column":17},"end":{"line":60,"column":28}},"loc":{"start":{"line":60,"column":35},"end":{"line":78,"column":3}},"line":60},"10":{"name":"(anonymous_10)","decl":{"start":{"line":62,"column":10},"end":{"line":62,"column":11}},"loc":{"start":{"line":62,"column":24},"end":{"line":66,"column":5}},"line":62},"11":{"name":"(anonymous_11)","decl":{"start":{"line":67,"column":10},"end":{"line":67,"column":11}},"loc":{"start":{"line":67,"column":20},"end":{"line":74,"column":5}},"line":67},"12":{"name":"(anonymous_12)","decl":{"start":{"line":69,"column":15},"end":{"line":69,"column":16}},"loc":{"start":{"line":70,"column":8},"end":{"line":70,"column":59}},"line":70},"13":{"name":"(anonymous_13)","decl":{"start":{"line":70,"column":25},"end":{"line":70,"column":26}},"loc":{"start":{"line":70,"column":35},"end":{"line":70,"column":58}},"line":70},"14":{"name":"(anonymous_14)","decl":{"start":{"line":75,"column":11},"end":{"line":75,"column":12}},"loc":{"start":{"line":75,"column":22},"end":{"line":77,"column":5}},"line":75},"15":{"name":"(anonymous_15)","decl":{"start":{"line":95,"column":19},"end":{"line":95,"column":20}},"loc":{"start":{"line":96,"column":10},"end":{"line":119,"column":13}},"line":96},"16":{"name":"(anonymous_16)","decl":{"start":{"line":111,"column":36},"end":{"line":111,"column":37}},"loc":{"start":{"line":111,"column":42},"end":{"line":111,"column":63}},"line":111},"17":{"name":"(anonymous_17)","decl":{"start":{"line":114,"column":38},"end":{"line":114,"column":39}},"loc":{"start":{"line":114,"column":44},"end":{"line":114,"column":63}},"line":114}},"branchMap":{"0":{"loc":{"start":{"line":63,"column":6},"end":{"line":65,"column":7}},"type":"if","locations":[{"start":{"line":63,"column":6},"end":{"line":65,"column":7}},{"start":{},"end":{}}],"line":63},"1":{"loc":{"start":{"line":84,"column":7},"end":{"line":84,"column":79}},"type":"binary-expr","locations":[{"start":{"line":84,"column":7},"end":{"line":84,"column":20}},{"start":{"line":84,"column":24},"end":{"line":84,"column":79}}],"line":84},"2":{"loc":{"start":{"line":86,"column":7},"end":{"line":94,"column":7}},"type":"binary-expr","locations":[{"start":{"line":86,"column":7},"end":{"line":86,"column":22}},{"start":{"line":86,"column":26},"end":{"line":86,"column":34}},{"start":{"line":87,"column":8},"end":{"line":93,"column":22}}],"line":86}},"s":{"0":2,"1":3,"2":2,"3":2,"4":2,"5":2,"6":2,"7":0,"8":0,"9":0,"10":2,"11":0,"12":2,"13":0,"14":0,"15":2,"16":0,"17":0,"18":2,"19":0,"20":0,"21":2,"22":0,"23":0,"24":0,"25":0,"26":0,"27":0,"28":0,"29":0,"30":0,"31":0,"32":0,"33":2,"34":0,"35":0,"36":0},"f":{"0":3,"1":0,"2":0,"3":0,"4":0,"5":0,"6":0,"7":0,"8":0,"9":0,"10":0,"11":0,"12":0,"13":0,"14":0,"15":0,"16":0,"17":0},"b":{"0":[0,0],"1":[2,0],"2":[2,0,0]},"_coverageSchema":"1a1c01bbd47fc00a2c39e90264f33305004495a9","hash":"e751278a31b381cbc9f35ab05099b90e5ae0a3ad"}
,"C:\\Users\\dayan\\Desktop\\LAB\\burger-ladies\\src\\services\\PrivateRoute.jsx": {"path":"C:\\Users\\dayan\\Desktop\\LAB\\burger-ladies\\src\\services\\PrivateRoute.jsx","statementMap":{"0":{"start":{"line":3,"column":21},"end":{"line":6,"column":3}},"1":{"start":{"line":4,"column":16},"end":{"line":4,"column":60}},"2":{"start":{"line":5,"column":1},"end":{"line":5,"column":57}}},"fnMap":{"0":{"name":"(anonymous_0)","decl":{"start":{"line":3,"column":21},"end":{"line":3,"column":22}},"loc":{"start":{"line":3,"column":51},"end":{"line":6,"column":3}},"line":3}},"branchMap":{"0":{"loc":{"start":{"line":5,"column":8},"end":{"line":5,"column":56}},"type":"cond-expr","locations":[{"start":{"line":5,"column":17},"end":{"line":5,"column":25}},{"start":{"line":5,"column":28},"end":{"line":5,"column":56}}],"line":5}},"s":{"0":1,"1":0,"2":0},"f":{"0":0},"b":{"0":[0,0]},"_coverageSchema":"1a1c01bbd47fc00a2c39e90264f33305004495a9","hash":"1639746f0150f8a9b93a01d6a8d70e1955f8a447"}
,"C:\\Users\\dayan\\Desktop\\LAB\\burger-ladies\\src\\services\\api.jsx": {"path":"C:\\Users\\dayan\\Desktop\\LAB\\burger-ladies\\src\\services\\api.jsx","statementMap":{"0":{"start":{"line":4,"column":12},"end":{"line":4,"column":35}},"1":{"start":{"line":9,"column":19},"end":{"line":14,"column":3}},"2":{"start":{"line":16,"column":2},"end":{"line":24,"column":5}},"3":{"start":{"line":31,"column":20},"end":{"line":34,"column":3}},"4":{"start":{"line":36,"column":2},"end":{"line":44,"column":5}},"5":{"start":{"line":51,"column":23},"end":{"line":58,"column":3}},"6":{"start":{"line":60,"column":2},"end":{"line":67,"column":5}},"7":{"start":{"line":74,"column":19},"end":{"line":81,"column":2}},"8":{"start":{"line":82,"column":15},"end":{"line":82,"column":36}},"9":{"start":{"line":83,"column":2},"end":{"line":85,"column":3}},"10":{"start":{"line":84,"column":4},"end":{"line":84,"column":58}},"11":{"start":{"line":86,"column":2},"end":{"line":86,"column":13}},"12":{"start":{"line":93,"column":2},"end":{"line":99,"column":5}},"13":{"start":{"line":105,"column":19},"end":{"line":111,"column":4}},"14":{"start":{"line":113,"column":15},"end":{"line":113,"column":36}},"15":{"start":{"line":114,"column":2},"end":{"line":117,"column":3}},"16":{"start":{"line":115,"column":4},"end":{"line":115,"column":58}},"17":{"start":{"line":118,"column":2},"end":{"line":118,"column":13}},"18":{"start":{"line":123,"column":19},"end":{"line":130,"column":4}},"19":{"start":{"line":131,"column":15},"end":{"line":131,"column":36}},"20":{"start":{"line":132,"column":2},"end":{"line":134,"column":3}},"21":{"start":{"line":133,"column":4},"end":{"line":133,"column":58}},"22":{"start":{"line":135,"column":2},"end":{"line":135,"column":13}},"23":{"start":{"line":141,"column":19},"end":{"line":148,"column":4}},"24":{"start":{"line":149,"column":15},"end":{"line":149,"column":36}},"25":{"start":{"line":150,"column":2},"end":{"line":152,"column":3}},"26":{"start":{"line":151,"column":4},"end":{"line":151,"column":58}},"27":{"start":{"line":153,"column":2},"end":{"line":153,"column":13}},"28":{"start":{"line":157,"column":2},"end":{"line":157,"column":48}},"29":{"start":{"line":158,"column":19},"end":{"line":166,"column":4}},"30":{"start":{"line":167,"column":15},"end":{"line":167,"column":36}},"31":{"start":{"line":168,"column":2},"end":{"line":170,"column":3}},"32":{"start":{"line":169,"column":4},"end":{"line":169,"column":58}},"33":{"start":{"line":171,"column":2},"end":{"line":171,"column":13}},"34":{"start":{"line":177,"column":19},"end":{"line":183,"column":4}},"35":{"start":{"line":185,"column":15},"end":{"line":185,"column":36}},"36":{"start":{"line":186,"column":2},"end":{"line":188,"column":3}},"37":{"start":{"line":187,"column":4},"end":{"line":187,"column":58}},"38":{"start":{"line":189,"column":2},"end":{"line":189,"column":13}}},"fnMap":{"0":{"name":"createUser","decl":{"start":{"line":8,"column":22},"end":{"line":8,"column":32}},"loc":{"start":{"line":8,"column":62},"end":{"line":27,"column":1}},"line":8},"1":{"name":"loginUser","decl":{"start":{"line":30,"column":22},"end":{"line":30,"column":31}},"loc":{"start":{"line":30,"column":49},"end":{"line":47,"column":1}},"line":30},"2":{"name":"createProducts","decl":{"start":{"line":50,"column":22},"end":{"line":50,"column":36}},"loc":{"start":{"line":50,"column":87},"end":{"line":70,"column":1}},"line":50},"3":{"name":"postOrder","decl":{"start":{"line":73,"column":22},"end":{"line":73,"column":31}},"loc":{"start":{"line":73,"column":43},"end":{"line":87,"column":1}},"line":73},"4":{"name":"deleteApi","decl":{"start":{"line":91,"column":22},"end":{"line":91,"column":31}},"loc":{"start":{"line":91,"column":43},"end":{"line":102,"column":1}},"line":91},"5":{"name":"getApi","decl":{"start":{"line":104,"column":22},"end":{"line":104,"column":28}},"loc":{"start":{"line":104,"column":40},"end":{"line":119,"column":1}},"line":104},"6":{"name":"pathUsers","decl":{"start":{"line":122,"column":22},"end":{"line":122,"column":31}},"loc":{"start":{"line":122,"column":38},"end":{"line":136,"column":1}},"line":122},"7":{"name":"patchOrders","decl":{"start":{"line":139,"column":22},"end":{"line":139,"column":33}},"loc":{"start":{"line":139,"column":39},"end":{"line":154,"column":1}},"line":139},"8":{"name":"patchProducts","decl":{"start":{"line":156,"column":22},"end":{"line":156,"column":35}},"loc":{"start":{"line":156,"column":44},"end":{"line":172,"column":1}},"line":156},"9":{"name":"requestApi","decl":{"start":{"line":176,"column":22},"end":{"line":176,"column":32}},"loc":{"start":{"line":176,"column":57},"end":{"line":190,"column":1}},"line":176}},"branchMap":{"0":{"loc":{"start":{"line":83,"column":2},"end":{"line":85,"column":3}},"type":"if","locations":[{"start":{"line":83,"column":2},"end":{"line":85,"column":3}},{"start":{},"end":{}}],"line":83},"1":{"loc":{"start":{"line":114,"column":2},"end":{"line":117,"column":3}},"type":"if","locations":[{"start":{"line":114,"column":2},"end":{"line":117,"column":3}},{"start":{},"end":{}}],"line":114},"2":{"loc":{"start":{"line":132,"column":2},"end":{"line":134,"column":3}},"type":"if","locations":[{"start":{"line":132,"column":2},"end":{"line":134,"column":3}},{"start":{},"end":{}}],"line":132},"3":{"loc":{"start":{"line":150,"column":2},"end":{"line":152,"column":3}},"type":"if","locations":[{"start":{"line":150,"column":2},"end":{"line":152,"column":3}},{"start":{},"end":{}}],"line":150},"4":{"loc":{"start":{"line":168,"column":2},"end":{"line":170,"column":3}},"type":"if","locations":[{"start":{"line":168,"column":2},"end":{"line":170,"column":3}},{"start":{},"end":{}}],"line":168},"5":{"loc":{"start":{"line":176,"column":42},"end":{"line":176,"column":56}},"type":"default-arg","locations":[{"start":{"line":176,"column":51},"end":{"line":176,"column":56}}],"line":176},"6":{"loc":{"start":{"line":186,"column":2},"end":{"line":188,"column":3}},"type":"if","locations":[{"start":{"line":186,"column":2},"end":{"line":188,"column":3}},{"start":{},"end":{}}],"line":186}},"s":{"0":15,"1":0,"2":0,"3":0,"4":0,"5":0,"6":0,"7":0,"8":0,"9":0,"10":0,"11":0,"12":0,"13":0,"14":0,"15":0,"16":0,"17":0,"18":0,"19":0,"20":0,"21":0,"22":0,"23":0,"24":0,"25":0,"26":0,"27":0,"28":0,"29":0,"30":0,"31":0,"32":0,"33":0,"34":0,"35":0,"36":0,"37":0,"38":0},"f":{"0":0,"1":0,"2":0,"3":0,"4":0,"5":0,"6":0,"7":0,"8":0,"9":0},"b":{"0":[0,0],"1":[0,0],"2":[0,0],"3":[0,0],"4":[0,0],"5":[0],"6":[0,0]},"_coverageSchema":"1a1c01bbd47fc00a2c39e90264f33305004495a9","hash":"88aede79f9df7e64ebb3acc5b808df98d4c329bd"}
,"C:\\Users\\dayan\\Desktop\\LAB\\burger-ladies\\src\\styles\\Button.styled.js": {"path":"C:\\Users\\dayan\\Desktop\\LAB\\burger-ladies\\src\\styles\\Button.styled.js","statementMap":{"0":{"start":{"line":3,"column":31},"end":{"line":13,"column":2}},"1":{"start":{"line":15,"column":30},"end":{"line":27,"column":1}},"2":{"start":{"line":29,"column":28},"end":{"line":36,"column":1}},"3":{"start":{"line":37,"column":26},"end":{"line":50,"column":1}},"4":{"start":{"line":52,"column":25},"end":{"line":57,"column":1}},"5":{"start":{"line":59,"column":27},"end":{"line":64,"column":1}},"6":{"start":{"line":66,"column":28},"end":{"line":72,"column":1}},"7":{"start":{"line":74,"column":28},"end":{"line":79,"column":1}},"8":{"start":{"line":81,"column":26},"end":{"line":87,"column":1}},"9":{"start":{"line":89,"column":26},"end":{"line":94,"column":1}},"10":{"start":{"line":96,"column":27},"end":{"line":108,"column":1}},"11":{"start":{"line":110,"column":28},"end":{"line":116,"column":1}},"12":{"start":{"line":118,"column":30},"end":{"line":123,"column":1}},"13":{"start":{"line":125,"column":28},"end":{"line":129,"column":1}}},"fnMap":{},"branchMap":{},"s":{"0":16,"1":16,"2":16,"3":16,"4":16,"5":16,"6":16,"7":16,"8":16,"9":16,"10":16,"11":16,"12":16,"13":16},"f":{},"b":{},"_coverageSchema":"1a1c01bbd47fc00a2c39e90264f33305004495a9","hash":"2962db78868e24195de3ab532268aa2257faf663"}
,"C:\\Users\\dayan\\Desktop\\LAB\\burger-ladies\\src\\styles\\Global.styles.js": {"path":"C:\\Users\\dayan\\Desktop\\LAB\\burger-ladies\\src\\styles\\Global.styles.js","statementMap":{"0":{"start":{"line":3,"column":27},"end":{"line":48,"column":1}},"1":{"start":{"line":52,"column":30},"end":{"line":60,"column":1}},"2":{"start":{"line":62,"column":21},"end":{"line":79,"column":2}},"3":{"start":{"line":89,"column":18},"end":{"line":97,"column":1}},"4":{"start":{"line":99,"column":20},"end":{"line":107,"column":1}}},"fnMap":{},"branchMap":{},"s":{"0":5,"1":5,"2":5,"3":5,"4":5},"f":{},"b":{},"_coverageSchema":"1a1c01bbd47fc00a2c39e90264f33305004495a9","hash":"7681a8a40d8bac72316cb54f5347fd60d349e81a"}
,"C:\\Users\\dayan\\Desktop\\LAB\\burger-ladies\\src\\styles\\Links.styled.js": {"path":"C:\\Users\\dayan\\Desktop\\LAB\\burger-ladies\\src\\styles\\Links.styled.js","statementMap":{"0":{"start":{"line":4,"column":30},"end":{"line":25,"column":1}},"1":{"start":{"line":27,"column":23},"end":{"line":42,"column":3}}},"fnMap":{},"branchMap":{},"s":{"0":3,"1":3},"f":{},"b":{},"_coverageSchema":"1a1c01bbd47fc00a2c39e90264f33305004495a9","hash":"371bbcc3f1f33ec362b343b70c22a201258c4123"}
}
