TN:
SF:.jest\mocks\fileMock.js
FNF:0
FNH:0
DA:1,13
LF:1
LH:1
BRF:0
BRH:0
end_of_record
TN:
SF:src\App.jsx
FN:3,App
FNF:1
FNH:1
FNDA:1,App
DA:4,1
LF:1
LH:1
BRF:0
BRH:0
end_of_record
TN:
SF:src\Router.jsx
FN:17,(anonymous_0)
FNF:1
FNH:1
FNDA:1,(anonymous_0)
DA:17,1
DA:18,1
LF:2
LH:2
BRF:0
BRH:0
end_of_record
TN:
SF:src\Components\cards\Cards.jsx
FN:4,(anonymous_0)
FN:16,(anonymous_1)
FNF:2
FNH:1
FNDA:7,(anonymous_0)
FNDA:0,(anonymous_1)
DA:4,3
DA:5,7
DA:6,7
DA:16,0
LF:4
LH:3
BRF:0
BRH:0
end_of_record
TN:
SF:src\Components\cards\Cards.styled.js
FNF:0
FNH:0
DA:3,3
DA:17,3
DA:29,3
DA:46,3
LF:4
LH:4
BRF:0
BRH:0
end_of_record
TN:
SF:src\Components\formulary\Form.styled.js
FNF:0
FNH:0
DA:3,10
DA:12,10
DA:15,10
DA:72,10
LF:4
LH:4
BRF:0
BRH:0
end_of_record
TN:
SF:src\Components\formulary\Formulary.jsx
FN:4,(anonymous_0)
FNF:1
FNH:1
FNDA:123,(anonymous_0)
DA:4,11
DA:5,123
LF:2
LH:2
BRF:0
BRH:0
end_of_record
TN:
SF:src\Components\formulary\Input.styled.js
FNF:0
FNH:0
DA:3,11
LF:1
LH:1
BRF:0
BRH:0
end_of_record
TN:
SF:src\Components\header\Header.jsx
FN:8,Header
FN:11,sair
FN:23,(anonymous_2)
FNF:3
FNH:1
FNDA:49,Header
FNDA:0,sair
FNDA:0,(anonymous_2)
DA:9,49
DA:12,0
DA:13,0
DA:16,39
DA:23,0
LF:5
LH:2
BRF:0
BRH:0
end_of_record
TN:
SF:src\Components\header\Header.styled.js
FNF:0
FNH:0
DA:3,9
DA:27,9
LF:2
LH:2
BRF:0
BRH:0
end_of_record
TN:
SF:src\Components\header\HeaderLogin.jsx
FN:4,(anonymous_0)
FNF:1
FNH:1
FNDA:4,(anonymous_0)
DA:4,11
DA:5,4
LF:2
LH:2
BRF:0
BRH:0
end_of_record
TN:
SF:src\Components\header\HeaderLogin.styled.js
FNF:0
FNH:0
DA:3,11
LF:1
LH:1
BRF:0
BRH:0
end_of_record
TN:
SF:src\Components\select\Select.jsx
FN:3,(anonymous_0)
FNF:1
FNH:1
FNDA:41,(anonymous_0)
DA:3,7
DA:14,41
LF:2
LH:2
BRF:0
BRH:0
end_of_record
TN:
SF:src\Pages\adm\Adm.jsx
FN:10,(anonymous_0)
FNF:1
FNH:1
FNDA:2,(anonymous_0)
DA:10,2
DA:11,2
LF:2
LH:2
BRF:0
BRH:0
end_of_record
TN:
SF:src\Pages\adm\Adm.styled.js
FNF:0
FNH:0
DA:3,2
LF:1
LH:1
BRF:0
BRH:0
end_of_record
TN:
SF:src\Pages\adm\Register.jsx
FN:10,Register
FN:16,(anonymous_1)
FN:17,(anonymous_2)
FN:18,(anonymous_3)
FN:19,(anonymous_4)
FN:21,registerUser
FN:36,(anonymous_6)
FN:47,(anonymous_7)
FNF:8
FNH:7
FNDA:36,Register
FNDA:11,(anonymous_1)
FNDA:15,(anonymous_2)
FNDA:6,(anonymous_3)
FNDA:1,(anonymous_4)
FNDA:1,registerUser
FNDA:1,(anonymous_6)
FNDA:0,(anonymous_7)
DA:11,36
DA:12,36
DA:13,36
DA:14,36
DA:16,36
DA:17,36
DA:18,36
DA:19,36
DA:22,1
DA:23,1
DA:24,0
DA:26,1
DA:27,0
DA:29,1
DA:30,0
DA:35,1
DA:37,1
DA:38,0
DA:39,1
DA:40,1
DA:41,1
DA:42,1
DA:43,1
DA:44,1
DA:48,0
DA:52,36
LF:26
LH:21
BRDA:23,0,0,0
BRDA:23,0,1,1
BRDA:26,1,0,0
BRDA:26,1,1,1
BRDA:29,2,0,0
BRDA:29,2,1,1
BRDA:37,3,0,0
BRDA:37,3,1,1
BRDA:39,4,0,1
BRDA:39,4,1,0
BRF:10
BRH:5
end_of_record
TN:
SF:src\Pages\attendance\Attendance.jsx
FN:8,(anonymous_0)
FNF:1
FNH:1
FNDA:1,(anonymous_0)
DA:8,2
DA:9,1
LF:2
LH:2
BRF:0
BRH:0
end_of_record
TN:
SF:src\Pages\kitchen\Kitchen.jsx
FN:5,(anonymous_0)
FNF:1
FNH:0
FNDA:0,(anonymous_0)
DA:5,1
DA:6,0
LF:2
LH:1
BRF:0
BRH:0
end_of_record
TN:
SF:src\Pages\kitchen\KitchenProgress.styled.js
FNF:0
FNH:0
DA:4,3
LF:1
LH:1
BRF:0
BRH:0
end_of_record
TN:
SF:src\Pages\kitchen\kitchenProgress.jsx
FN:20,(anonymous_0)
FN:28,(anonymous_1)
FN:30,(anonymous_2)
FN:33,(anonymous_3)
FN:38,(anonymous_4)
FN:42,(anonymous_5)
FN:48,(anonymous_6)
FN:51,(anonymous_7)
FN:71,(anonymous_8)
FN:74,(anonymous_9)
FN:80,deleteOrders
FN:82,(anonymous_11)
FN:87,(anonymous_12)
FN:88,(anonymous_13)
FN:89,(anonymous_14)
FN:94,(anonymous_15)
FN:100,(anonymous_16)
FN:105,(anonymous_17)
FN:114,(anonymous_18)
FN:117,(anonymous_19)
FN:120,(anonymous_20)
FN:123,(anonymous_21)
FN:139,(anonymous_22)
FN:147,(anonymous_23)
FN:174,(anonymous_24)
FN:178,(anonymous_25)
FNF:26
FNH:12
FNDA:14,(anonymous_0)
FNDA:5,(anonymous_1)
FNDA:5,(anonymous_2)
FNDA:0,(anonymous_3)
FNDA:5,(anonymous_4)
FNDA:4,(anonymous_5)
FNDA:16,(anonymous_6)
FNDA:0,(anonymous_7)
FNDA:0,(anonymous_8)
FNDA:0,(anonymous_9)
FNDA:0,deleteOrders
FNDA:0,(anonymous_11)
FNDA:0,(anonymous_12)
FNDA:0,(anonymous_13)
FNDA:0,(anonymous_14)
FNDA:0,(anonymous_15)
FNDA:0,(anonymous_16)
FNDA:0,(anonymous_17)
FNDA:1,(anonymous_18)
FNDA:1,(anonymous_19)
FNDA:1,(anonymous_20)
FNDA:1,(anonymous_21)
FNDA:4,(anonymous_22)
FNDA:6,(anonymous_23)
FNDA:0,(anonymous_24)
FNDA:0,(anonymous_25)
DA:20,3
DA:21,14
DA:22,13
DA:23,13
DA:24,13
DA:25,13
DA:26,13
DA:28,13
DA:29,5
DA:31,5
DA:34,0
DA:38,13
DA:39,5
DA:42,13
DA:43,4
DA:44,4
DA:47,13
DA:48,16
DA:51,13
DA:52,0
DA:53,0
DA:55,0
DA:57,0
DA:58,0
DA:60,0
DA:61,0
DA:63,0
DA:64,0
DA:66,0
DA:72,0
DA:75,0
DA:77,0
DA:81,0
DA:83,0
DA:84,0
DA:88,0
DA:89,0
DA:91,0
DA:92,0
DA:95,0
DA:97,0
DA:100,13
DA:101,0
DA:102,0
DA:105,13
DA:106,0
DA:107,0
DA:111,13
DA:114,1
DA:117,1
DA:120,1
DA:123,1
DA:140,4
DA:148,6
DA:174,0
DA:178,0
LF:56
LH:27
BRDA:47,0,0,4
BRDA:47,0,1,9
BRDA:52,1,0,0
BRDA:52,1,1,0
BRDA:55,2,0,0
BRDA:55,2,1,0
BRDA:55,2,2,0
BRDA:83,3,0,0
BRDA:83,3,1,0
BRDA:129,4,0,13
BRDA:129,4,1,0
BRDA:129,4,2,0
BRDA:138,5,0,13
BRDA:138,5,1,4
BRDA:159,6,0,1
BRDA:159,6,1,3
BRDA:166,7,0,1
BRDA:166,7,1,3
BRF:18
BRH:9
end_of_record
TN:
SF:src\Pages\login\Login.jsx
FN:11,(anonymous_0)
FN:15,Login
FN:21,(anonymous_2)
FN:22,(anonymous_3)
FN:24,logIn
FN:27,(anonymous_5)
FN:34,(anonymous_6)
FN:49,(anonymous_7)
FNF:8
FNH:1
FNDA:0,(anonymous_0)
FNDA:3,Login
FNDA:0,(anonymous_2)
FNDA:0,(anonymous_3)
FNDA:0,logIn
FNDA:0,(anonymous_5)
FNDA:0,(anonymous_6)
FNDA:0,(anonymous_7)
DA:11,10
DA:12,0
DA:16,3
DA:17,3
DA:18,3
DA:19,3
DA:21,3
DA:22,3
DA:25,0
DA:26,0
DA:28,0
DA:29,0
DA:31,0
DA:35,0
DA:36,0
DA:37,0
DA:38,0
DA:39,0
DA:40,0
DA:41,0
DA:42,0
DA:43,0
DA:44,0
DA:45,0
DA:46,0
DA:50,0
DA:56,3
LF:27
LH:8
BRDA:28,0,0,0
BRDA:28,0,1,0
BRDA:35,1,0,0
BRDA:35,1,1,0
BRDA:41,2,0,0
BRDA:41,2,1,0
BRDA:43,3,0,0
BRDA:43,3,1,0
BRDA:45,4,0,0
BRDA:45,4,1,0
BRF:10
BRH:0
end_of_record
TN:
SF:src\Pages\notfound\NotFound.jsx
FN:4,(anonymous_0)
FNF:1
FNH:1
FNDA:1,(anonymous_0)
DA:4,2
DA:5,1
LF:2
LH:2
BRF:0
BRH:0
end_of_record
TN:
SF:src\Pages\notfound\NotFound.styled.js
FNF:0
FNH:0
DA:3,2
LF:1
LH:1
BRF:0
BRH:0
end_of_record
TN:
SF:src\Pages\ordered\Cart.jsx
FN:16,(anonymous_0)
FN:23,(anonymous_1)
FN:24,(anonymous_2)
FN:26,(anonymous_3)
FN:27,(anonymous_4)
FN:31,(anonymous_5)
FN:33,(anonymous_6)
FN:39,(anonymous_7)
FN:43,(anonymous_8)
FN:92,(anonymous_9)
FN:98,(anonymous_10)
FN:100,(anonymous_11)
FN:103,(anonymous_12)
FN:108,(anonymous_13)
FNF:14
FNH:5
FNDA:3,(anonymous_0)
FNDA:0,(anonymous_1)
FNDA:0,(anonymous_2)
FNDA:0,(anonymous_3)
FNDA:0,(anonymous_4)
FNDA:2,(anonymous_5)
FNDA:4,(anonymous_6)
FNDA:2,(anonymous_7)
FNDA:0,(anonymous_8)
FNDA:6,(anonymous_9)
FNDA:0,(anonymous_10)
FNDA:0,(anonymous_11)
FNDA:0,(anonymous_12)
FNDA:0,(anonymous_13)
DA:16,2
DA:17,3
DA:18,3
DA:19,3
DA:20,3
DA:21,3
DA:23,3
DA:24,3
DA:26,3
DA:27,0
DA:28,0
DA:31,3
DA:32,2
DA:33,2
DA:34,4
DA:36,2
DA:39,3
DA:40,2
DA:43,3
DA:44,0
DA:45,0
DA:47,0
DA:57,0
DA:58,0
DA:60,0
DA:63,3
DA:93,6
DA:98,0
DA:100,0
DA:103,0
DA:108,0
LF:31
LH:19
BRDA:44,0,0,0
BRDA:44,0,1,0
BRDA:44,1,0,0
BRDA:44,1,1,0
BRF:4
BRH:0
end_of_record
TN:
SF:src\Pages\ordered\Cart.styled.js
FNF:0
FNH:0
DA:3,2
DA:12,2
DA:26,2
DA:43,2
DA:62,2
DA:81,2
DA:98,2
DA:108,2
DA:113,2
LF:9
LH:9
BRF:0
BRH:0
end_of_record
TN:
SF:src\Pages\ordered\MyCart.jsx
FN:10,(anonymous_0)
FN:17,(anonymous_1)
FN:24,(anonymous_2)
FNF:3
FNH:1
FNDA:1,(anonymous_0)
FNDA:0,(anonymous_1)
FNDA:0,(anonymous_2)
DA:10,2
DA:12,1
DA:17,0
DA:24,0
LF:4
LH:2
BRF:0
BRH:0
end_of_record
TN:
SF:src\Pages\ordered\MyCart.styled.js
FNF:0
FNH:0
DA:3,10
DA:19,10
DA:27,10
DA:33,10
LF:4
LH:4
BRF:0
BRH:0
end_of_record
TN:
SF:src\Pages\ordered\Ordered.jsx
FN:6,(anonymous_0)
FN:11,(anonymous_1)
FN:13,(anonymous_2)
FN:16,(anonymous_3)
FN:20,(anonymous_4)
FN:24,(anonymous_5)
FN:30,(anonymous_6)
FN:38,(anonymous_7)
FN:41,(anonymous_8)
FN:47,(anonymous_9)
FNF:10
FNH:9
FNDA:8,(anonymous_0)
FNDA:4,(anonymous_1)
FNDA:4,(anonymous_2)
FNDA:0,(anonymous_3)
FNDA:4,(anonymous_4)
FNDA:2,(anonymous_5)
FNDA:12,(anonymous_6)
FNDA:1,(anonymous_7)
FNDA:1,(anonymous_8)
FNDA:6,(anonymous_9)
DA:6,2
DA:7,8
DA:8,8
DA:9,8
DA:11,8
DA:12,4
DA:14,4
DA:17,0
DA:20,8
DA:21,4
DA:24,8
DA:25,2
DA:26,2
DA:29,8
DA:30,12
DA:35,8
DA:38,1
DA:41,1
DA:48,6
LF:19
LH:18
BRDA:29,0,0,2
BRDA:29,0,1,6
BRDA:46,1,0,8
BRDA:46,1,1,2
BRF:4
BRH:4
end_of_record
TN:
SF:src\Pages\ordered\Ordered.styled.js
FNF:0
FNH:0
DA:3,3
DA:22,3
DA:29,3
DA:39,3
DA:56,3
DA:61,3
LF:6
LH:6
BRF:0
BRH:0
end_of_record
TN:
SF:src\Pages\ordered\OrderedProgress.jsx
FN:8,(anonymous_0)
FN:13,(anonymous_1)
FN:15,(anonymous_2)
FN:20,(anonymous_3)
FN:30,(anonymous_4)
FN:32,(anonymous_5)
FNF:6
FNH:1
FNDA:1,(anonymous_0)
FNDA:0,(anonymous_1)
FNDA:0,(anonymous_2)
FNDA:0,(anonymous_3)
FNDA:0,(anonymous_4)
FNDA:0,(anonymous_5)
DA:8,2
DA:9,1
DA:10,1
DA:11,1
DA:13,1
DA:14,0
DA:15,0
DA:16,0
DA:18,0
DA:19,0
DA:20,0
DA:21,0
DA:23,0
DA:25,0
DA:27,0
DA:30,1
DA:31,0
DA:32,0
DA:33,0
DA:36,0
DA:38,0
DA:39,0
DA:41,1
LF:23
LH:7
BRDA:16,0,0,0
BRDA:16,0,1,0
BRDA:18,1,0,0
BRDA:18,1,1,0
BRDA:33,2,0,0
BRDA:33,2,1,0
BRDA:38,3,0,0
BRDA:38,3,1,0
BRDA:45,4,0,1
BRDA:45,4,1,0
BRDA:51,5,0,1
BRDA:51,5,1,0
BRF:12
BRH:2
end_of_record
TN:
SF:src\Pages\products\AdcProducts.jsx
FN:10,AdcProducts
FN:18,(anonymous_1)
FN:22,(anonymous_2)
FN:23,(anonymous_3)
FN:24,(anonymous_4)
FN:25,(anonymous_5)
FN:26,(anonymous_6)
FN:28,addProdutos
FN:34,(anonymous_8)
FN:45,(anonymous_9)
FNF:10
FNH:1
FNDA:2,AdcProducts
FNDA:0,(anonymous_1)
FNDA:0,(anonymous_2)
FNDA:0,(anonymous_3)
FNDA:0,(anonymous_4)
FNDA:0,(anonymous_5)
FNDA:0,(anonymous_6)
FNDA:0,addProdutos
FNDA:0,(anonymous_8)
FNDA:0,(anonymous_9)
DA:11,2
DA:12,2
DA:13,2
DA:14,2
DA:15,2
DA:16,2
DA:18,2
DA:19,0
DA:22,2
DA:23,2
DA:24,2
DA:25,2
DA:26,2
DA:29,0
DA:30,0
DA:31,0
DA:33,0
DA:35,0
DA:36,0
DA:38,0
DA:39,0
DA:40,0
DA:41,0
DA:42,0
DA:43,0
DA:46,0
DA:50,2
LF:27
LH:13
BRDA:30,0,0,0
BRDA:30,0,1,0
BRDA:30,1,0,0
BRDA:30,1,1,0
BRDA:30,1,2,0
BRDA:30,1,3,0
BRDA:30,1,4,0
BRDA:30,1,5,0
BRDA:35,2,0,0
BRDA:35,2,1,0
BRF:10
BRH:0
end_of_record
TN:
SF:src\Pages\products\EditProducts.jsx
FN:16,(anonymous_0)
FN:28,(anonymous_1)
FN:29,(anonymous_2)
FN:30,(anonymous_3)
FN:31,(anonymous_4)
FN:32,(anonymous_5)
FN:34,(anonymous_6)
FN:38,handleUpdate
FN:48,(anonymous_8)
FN:53,(anonymous_9)
FN:105,(anonymous_10)
FNF:11
FNH:0
FNDA:0,(anonymous_0)
FNDA:0,(anonymous_1)
FNDA:0,(anonymous_2)
FNDA:0,(anonymous_3)
FNDA:0,(anonymous_4)
FNDA:0,(anonymous_5)
FNDA:0,(anonymous_6)
FNDA:0,handleUpdate
FNDA:0,(anonymous_8)
FNDA:0,(anonymous_9)
FNDA:0,(anonymous_10)
DA:16,2
DA:17,0
DA:18,0
DA:19,0
DA:20,0
DA:21,0
DA:22,0
DA:23,0
DA:24,0
DA:25,0
DA:26,0
DA:28,0
DA:29,0
DA:30,0
DA:31,0
DA:32,0
DA:34,0
DA:35,0
DA:39,0
DA:49,0
DA:50,0
DA:51,0
DA:54,0
DA:58,0
DA:105,0
LF:25
LH:1
BRF:0
BRH:0
end_of_record
TN:
SF:src\Pages\products\ListProducts.jsx
FN:20,(anonymous_0)
FN:27,(anonymous_1)
FN:29,(anonymous_2)
FN:32,(anonymous_3)
FN:37,(anonymous_4)
FN:41,(anonymous_5)
FN:46,(anonymous_6)
FN:51,(anonymous_7)
FN:56,(anonymous_8)
FN:61,deleteProducts
FN:63,(anonymous_10)
FN:68,(anonymous_11)
FN:70,(anonymous_12)
FN:71,(anonymous_13)
FN:76,(anonymous_14)
FN:99,(anonymous_15)
FN:122,(anonymous_16)
FN:126,(anonymous_17)
FNF:18
FNH:1
FNDA:3,(anonymous_0)
FNDA:0,(anonymous_1)
FNDA:0,(anonymous_2)
FNDA:0,(anonymous_3)
FNDA:0,(anonymous_4)
FNDA:0,(anonymous_5)
FNDA:0,(anonymous_6)
FNDA:0,(anonymous_7)
FNDA:0,(anonymous_8)
FNDA:0,deleteProducts
FNDA:0,(anonymous_10)
FNDA:0,(anonymous_11)
FNDA:0,(anonymous_12)
FNDA:0,(anonymous_13)
FNDA:0,(anonymous_14)
FNDA:0,(anonymous_15)
FNDA:0,(anonymous_16)
FNDA:0,(anonymous_17)
DA:20,2
DA:21,3
DA:22,2
DA:23,2
DA:24,2
DA:25,2
DA:27,2
DA:28,0
DA:30,0
DA:33,0
DA:37,2
DA:38,0
DA:41,2
DA:42,0
DA:43,0
DA:46,2
DA:47,0
DA:48,0
DA:51,2
DA:52,0
DA:53,0
DA:56,2
DA:57,0
DA:58,0
DA:62,0
DA:64,0
DA:65,0
DA:70,0
DA:71,0
DA:73,0
DA:74,0
DA:77,0
DA:81,2
DA:100,0
DA:122,0
DA:126,0
LF:36
LH:13
BRDA:64,0,0,0
BRDA:64,0,1,0
BRDA:85,1,0,2
BRDA:85,1,1,0
BRDA:90,2,0,2
BRDA:90,2,1,0
BRDA:90,2,2,0
BRF:7
BRH:2
end_of_record
TN:
SF:src\Pages\products\Products.styled.js
FNF:0
FNH:0
DA:3,7
DA:13,7
DA:20,7
DA:26,7
DA:30,7
DA:35,7
DA:41,7
LF:7
LH:7
BRF:0
BRH:0
end_of_record
TN:
SF:src\Pages\users\EditUser.jsx
FN:10,(anonymous_0)
FN:18,(anonymous_1)
FN:19,(anonymous_2)
FN:20,(anonymous_3)
FN:22,(anonymous_4)
FN:26,handleUpdate
FN:28,(anonymous_6)
FN:33,(anonymous_7)
FN:69,(anonymous_8)
FNF:9
FNH:1
FNDA:4,(anonymous_0)
FNDA:0,(anonymous_1)
FNDA:0,(anonymous_2)
FNDA:0,(anonymous_3)
FNDA:0,(anonymous_4)
FNDA:0,handleUpdate
FNDA:0,(anonymous_6)
FNDA:0,(anonymous_7)
FNDA:0,(anonymous_8)
DA:10,3
DA:11,4
DA:12,4
DA:13,0
DA:14,0
DA:15,0
DA:16,0
DA:18,0
DA:19,0
DA:20,0
DA:22,0
DA:23,0
DA:27,0
DA:29,0
DA:30,0
DA:31,0
DA:34,0
DA:38,0
DA:69,0
LF:19
LH:3
BRF:0
BRH:0
end_of_record
TN:
SF:src\Pages\users\ListUsers.jsx
FN:19,(anonymous_0)
FN:26,(anonymous_1)
FN:28,(anonymous_2)
FN:31,(anonymous_3)
FN:36,(anonymous_4)
FN:40,(anonymous_5)
FN:45,(anonymous_6)
FN:50,(anonymous_7)
FN:55,(anonymous_8)
FN:60,deleteUsers
FN:62,(anonymous_10)
FN:67,(anonymous_11)
FN:69,(anonymous_12)
FN:70,(anonymous_13)
FN:75,(anonymous_14)
FN:95,(anonymous_15)
FN:111,(anonymous_16)
FN:114,(anonymous_17)
FNF:18
FNH:1
FNDA:3,(anonymous_0)
FNDA:0,(anonymous_1)
FNDA:0,(anonymous_2)
FNDA:0,(anonymous_3)
FNDA:0,(anonymous_4)
FNDA:0,(anonymous_5)
FNDA:0,(anonymous_6)
FNDA:0,(anonymous_7)
FNDA:0,(anonymous_8)
FNDA:0,deleteUsers
FNDA:0,(anonymous_10)
FNDA:0,(anonymous_11)
FNDA:0,(anonymous_12)
FNDA:0,(anonymous_13)
FNDA:0,(anonymous_14)
FNDA:0,(anonymous_15)
FNDA:0,(anonymous_16)
FNDA:0,(anonymous_17)
DA:19,2
DA:20,3
DA:21,2
DA:22,2
DA:23,2
DA:24,2
DA:26,2
DA:27,0
DA:29,0
DA:32,0
DA:36,2
DA:37,0
DA:40,2
DA:41,0
DA:42,0
DA:45,2
DA:46,0
DA:47,0
DA:50,2
DA:51,0
DA:52,0
DA:55,2
DA:56,0
DA:57,0
DA:61,0
DA:63,0
DA:64,0
DA:69,0
DA:70,0
DA:72,0
DA:73,0
DA:76,0
DA:80,2
DA:96,0
DA:111,0
DA:114,0
LF:36
LH:13
BRDA:63,0,0,0
BRDA:63,0,1,0
BRDA:84,1,0,2
BRDA:84,1,1,0
BRDA:86,2,0,2
BRDA:86,2,1,0
BRDA:86,2,2,0
BRF:7
BRH:2
end_of_record
TN:
SF:src\services\PrivateRoute.jsx
FN:3,(anonymous_0)
FNF:1
FNH:0
FNDA:0,(anonymous_0)
DA:3,1
DA:4,0
DA:5,0
LF:3
LH:1
BRDA:5,0,0,0
BRDA:5,0,1,0
BRF:2
BRH:0
end_of_record
TN:
SF:src\services\api.jsx
FN:8,createUser
FN:30,loginUser
FN:50,createProducts
FN:73,postOrder
FN:91,deleteApi
FN:104,getApi
FN:122,pathUsers
FN:139,patchOrders
FN:156,patchProducts
FN:176,requestApi
FNF:10
FNH:0
FNDA:0,createUser
FNDA:0,loginUser
FNDA:0,createProducts
FNDA:0,postOrder
FNDA:0,deleteApi
FNDA:0,getApi
FNDA:0,pathUsers
FNDA:0,patchOrders
FNDA:0,patchProducts
FNDA:0,requestApi
DA:4,15
DA:9,0
DA:16,0
DA:31,0
DA:36,0
DA:51,0
DA:60,0
DA:74,0
DA:82,0
DA:83,0
DA:84,0
DA:86,0
DA:93,0
DA:105,0
DA:113,0
DA:114,0
DA:115,0
DA:118,0
DA:123,0
DA:131,0
DA:132,0
DA:133,0
DA:135,0
DA:141,0
DA:149,0
DA:150,0
DA:151,0
DA:153,0
DA:157,0
DA:158,0
DA:167,0
DA:168,0
DA:169,0
DA:171,0
DA:177,0
DA:185,0
DA:186,0
DA:187,0
DA:189,0
LF:39
LH:1
BRDA:83,0,0,0
BRDA:83,0,1,0
BRDA:114,1,0,0
BRDA:114,1,1,0
BRDA:132,2,0,0
BRDA:132,2,1,0
BRDA:150,3,0,0
BRDA:150,3,1,0
BRDA:168,4,0,0
BRDA:168,4,1,0
BRDA:176,5,0,0
BRDA:186,6,0,0
BRDA:186,6,1,0
BRF:13
BRH:0
end_of_record
TN:
SF:src\styles\Button.styled.js
FNF:0
FNH:0
DA:3,16
DA:15,16
DA:29,16
DA:37,16
DA:52,16
DA:59,16
DA:66,16
DA:74,16
DA:81,16
DA:89,16
DA:96,16
DA:110,16
DA:118,16
DA:125,16
LF:14
LH:14
BRF:0
BRH:0
end_of_record
TN:
SF:src\styles\Global.styles.js
FNF:0
FNH:0
DA:3,5
DA:52,5
DA:62,5
DA:89,5
DA:99,5
LF:5
LH:5
BRF:0
BRH:0
end_of_record
TN:
SF:src\styles\Links.styled.js
FNF:0
FNH:0
DA:4,3
DA:27,3
LF:2
LH:2
BRF:0
BRH:0
end_of_record
